train size 549367
dev size 9842
embed_dim 300
hidden_state 1024
max_length 999
num_classes 3
batch_size 128
learning_rate 0.007
max_grad_norm 5
logger_interval 300
 
epoch 1, batches 300|4292, train-acc 0.480, loss 1.593, para-norm 589.208, grad-norm 0.080, time_cost 10.101s,
epoch 1, batches 600|4292, train-acc 0.570, loss 0.902, para-norm 718.152, grad-norm 0.133, time_cost 11.090s,
epoch 1, batches 900|4292, train-acc 0.608, loss 0.856, para-norm 866.454, grad-norm 0.423, time_cost 11.865s,
epoch 1, batches 1200|4292, train-acc 0.632, loss 0.823, para-norm 967.820, grad-norm 0.345, time_cost 12.314s,
epoch 1, batches 1500|4292, train-acc 0.650, loss 0.790, para-norm 1077.979, grad-norm 0.442, time_cost 12.863s,
epoch 1, batches 1800|4292, train-acc 0.667, loss 0.762, para-norm 1166.349, grad-norm 0.287, time_cost 13.180s,
epoch 1, batches 2100|4292, train-acc 0.694, loss 0.720, para-norm 1249.336, grad-norm 1.137, time_cost 13.833s,
epoch 1, batches 2400|4292, train-acc 0.710, loss 0.687, para-norm 1320.331, grad-norm 0.527, time_cost 14.639s,
epoch 1, batches 2700|4292, train-acc 0.722, loss 0.665, para-norm 1378.889, grad-norm 0.557, time_cost 15.285s,
epoch 1, batches 3000|4292, train-acc 0.732, loss 0.650, para-norm 1423.788, grad-norm 0.512, time_cost 16.114s,
epoch 1, batches 3300|4292, train-acc 0.736, loss 0.637, para-norm 1461.897, grad-norm 0.603, time_cost 16.862s,
epoch 1, batches 3600|4292, train-acc 0.740, loss 0.631, para-norm 1496.208, grad-norm 0.532, time_cost 18.297s,
epoch 1, batches 3900|4292, train-acc 0.747, loss 0.622, para-norm 1526.781, grad-norm 0.629, time_cost 20.048s,
epoch 1, batches 4200|4292, train-acc 0.747, loss 0.620, para-norm 1554.578, grad-norm 0.702, time_cost 22.876s,
epoch 1, train_loss 0.779, train_acc 0.675
epoch 1, dev_loss 0.714, dec_acc 0.707
model saved
epoch 2, batches 300|4292, train-acc 0.760, loss 0.595, para-norm 1618.192, grad-norm 0.491, time_cost 10.102s,
epoch 2, batches 600|4292, train-acc 0.762, loss 0.584, para-norm 1639.108, grad-norm 0.539, time_cost 11.158s,
epoch 2, batches 900|4292, train-acc 0.766, loss 0.573, para-norm 1660.504, grad-norm 0.371, time_cost 11.903s,
epoch 2, batches 1200|4292, train-acc 0.769, loss 0.567, para-norm 1680.578, grad-norm 0.450, time_cost 12.331s,
epoch 2, batches 1500|4292, train-acc 0.772, loss 0.561, para-norm 1700.695, grad-norm 0.698, time_cost 12.896s,
epoch 2, batches 1800|4292, train-acc 0.770, loss 0.564, para-norm 1720.601, grad-norm 0.465, time_cost 13.254s,
epoch 2, batches 2100|4292, train-acc 0.778, loss 0.555, para-norm 1738.544, grad-norm 1.087, time_cost 13.885s,
epoch 2, batches 2400|4292, train-acc 0.778, loss 0.553, para-norm 1753.243, grad-norm 0.749, time_cost 14.674s,
epoch 2, batches 2700|4292, train-acc 0.783, loss 0.543, para-norm 1772.416, grad-norm 0.556, time_cost 15.409s,
epoch 2, batches 3000|4292, train-acc 0.779, loss 0.549, para-norm 1787.563, grad-norm 0.593, time_cost 16.176s,
epoch 2, batches 3300|4292, train-acc 0.782, loss 0.545, para-norm 1801.599, grad-norm 0.922, time_cost 16.920s,
epoch 2, batches 3600|4292, train-acc 0.781, loss 0.550, para-norm 1815.863, grad-norm 0.641, time_cost 18.381s,
epoch 2, batches 3900|4292, train-acc 0.783, loss 0.545, para-norm 1829.721, grad-norm 0.689, time_cost 20.166s,
epoch 2, batches 4200|4292, train-acc 0.778, loss 0.553, para-norm 1841.986, grad-norm 1.218, time_cost 22.953s,
epoch 2, train_loss 0.560, train_acc 0.774
epoch 2, dev_loss 0.612, dec_acc 0.774
model saved
epoch 3, batches 300|4292, train-acc 0.796, loss 0.518, para-norm 1879.409, grad-norm 0.864, time_cost 10.152s,
epoch 3, batches 600|4292, train-acc 0.796, loss 0.517, para-norm 1888.437, grad-norm 1.040, time_cost 11.241s,
epoch 3, batches 900|4292, train-acc 0.797, loss 0.509, para-norm 1899.252, grad-norm 0.602, time_cost 11.909s,
epoch 3, batches 1200|4292, train-acc 0.795, loss 0.508, para-norm 1907.994, grad-norm 0.693, time_cost 12.377s,
epoch 3, batches 1500|4292, train-acc 0.798, loss 0.509, para-norm 1918.313, grad-norm 0.795, time_cost 12.889s,
epoch 3, batches 1800|4292, train-acc 0.794, loss 0.513, para-norm 1927.946, grad-norm 0.608, time_cost 13.282s,
epoch 3, batches 2100|4292, train-acc 0.799, loss 0.509, para-norm 1937.924, grad-norm 0.772, time_cost 13.909s,
epoch 3, batches 2400|4292, train-acc 0.798, loss 0.508, para-norm 1948.416, grad-norm 0.993, time_cost 14.719s,
epoch 3, batches 2700|4292, train-acc 0.804, loss 0.503, para-norm 1958.886, grad-norm 0.627, time_cost 15.441s,
epoch 3, batches 3000|4292, train-acc 0.798, loss 0.512, para-norm 1968.700, grad-norm 0.697, time_cost 16.187s,
epoch 3, batches 3300|4292, train-acc 0.796, loss 0.512, para-norm 1975.864, grad-norm 1.220, time_cost 16.919s,
epoch 3, batches 3600|4292, train-acc 0.796, loss 0.514, para-norm 1985.388, grad-norm 0.678, time_cost 18.403s,
epoch 3, batches 3900|4292, train-acc 0.796, loss 0.513, para-norm 1994.326, grad-norm 0.659, time_cost 20.174s,
epoch 3, batches 4200|4292, train-acc 0.793, loss 0.524, para-norm 2001.663, grad-norm 1.771, time_cost 22.997s,
epoch 3, train_loss 0.512, train_acc 0.797
epoch 3, dev_loss 0.556, dec_acc 0.803
model saved
epoch 4, batches 300|4292, train-acc 0.813, loss 0.483, para-norm 2026.989, grad-norm 0.711, time_cost 10.145s,
epoch 4, batches 600|4292, train-acc 0.810, loss 0.485, para-norm 2033.295, grad-norm 0.731, time_cost 11.233s,
epoch 4, batches 900|4292, train-acc 0.812, loss 0.478, para-norm 2040.269, grad-norm 0.572, time_cost 11.909s,
epoch 4, batches 1200|4292, train-acc 0.810, loss 0.478, para-norm 2047.199, grad-norm 0.645, time_cost 12.330s,
epoch 4, batches 1500|4292, train-acc 0.810, loss 0.480, para-norm 2054.730, grad-norm 0.903, time_cost 12.897s,
epoch 4, batches 1800|4292, train-acc 0.809, loss 0.484, para-norm 2061.312, grad-norm 0.692, time_cost 13.317s,
epoch 4, batches 2100|4292, train-acc 0.809, loss 0.483, para-norm 2068.164, grad-norm 0.854, time_cost 13.939s,
epoch 4, batches 2400|4292, train-acc 0.807, loss 0.486, para-norm 2075.282, grad-norm 0.964, time_cost 14.727s,
epoch 4, batches 2700|4292, train-acc 0.809, loss 0.482, para-norm 2082.172, grad-norm 0.725, time_cost 15.431s,
epoch 4, batches 3000|4292, train-acc 0.805, loss 0.490, para-norm 2089.805, grad-norm 0.629, time_cost 16.245s,
epoch 4, batches 3300|4292, train-acc 0.807, loss 0.489, para-norm 2095.339, grad-norm 1.422, time_cost 16.971s,
epoch 4, batches 3600|4292, train-acc 0.807, loss 0.491, para-norm 2101.416, grad-norm 0.787, time_cost 18.410s,
epoch 4, batches 3900|4292, train-acc 0.808, loss 0.491, para-norm 2106.543, grad-norm 0.752, time_cost 20.171s,
epoch 4, batches 4200|4292, train-acc 0.800, loss 0.505, para-norm 2112.653, grad-norm 1.911, time_cost 22.996s,
epoch 4, train_loss 0.487, train_acc 0.808
epoch 4, dev_loss 0.538, dec_acc 0.810
model saved
epoch 5, batches 300|4292, train-acc 0.823, loss 0.460, para-norm 2133.337, grad-norm 0.665, time_cost 10.181s,
epoch 5, batches 600|4292, train-acc 0.820, loss 0.465, para-norm 2138.595, grad-norm 0.767, time_cost 11.279s,
epoch 5, batches 900|4292, train-acc 0.821, loss 0.458, para-norm 2144.530, grad-norm 0.687, time_cost 11.928s,
epoch 5, batches 1200|4292, train-acc 0.818, loss 0.457, para-norm 2149.574, grad-norm 0.821, time_cost 12.347s,
epoch 5, batches 1500|4292, train-acc 0.820, loss 0.463, para-norm 2154.444, grad-norm 1.076, time_cost 12.897s,
epoch 5, batches 1800|4292, train-acc 0.818, loss 0.466, para-norm 2160.746, grad-norm 0.798, time_cost 13.276s,
epoch 5, batches 2100|4292, train-acc 0.817, loss 0.465, para-norm 2165.688, grad-norm 0.799, time_cost 13.911s,
epoch 5, batches 2400|4292, train-acc 0.817, loss 0.466, para-norm 2171.637, grad-norm 1.210, time_cost 14.719s,
epoch 5, batches 2700|4292, train-acc 0.818, loss 0.466, para-norm 2177.410, grad-norm 0.925, time_cost 15.454s,
epoch 5, batches 3000|4292, train-acc 0.814, loss 0.475, para-norm 2183.934, grad-norm 0.921, time_cost 16.248s,
epoch 5, batches 3300|4292, train-acc 0.814, loss 0.475, para-norm 2188.336, grad-norm 1.632, time_cost 16.953s,
epoch 5, batches 3600|4292, train-acc 0.814, loss 0.477, para-norm 2193.966, grad-norm 0.950, time_cost 18.399s,
epoch 5, batches 3900|4292, train-acc 0.814, loss 0.479, para-norm 2198.103, grad-norm 0.743, time_cost 20.157s,
epoch 5, batches 4200|4292, train-acc 0.806, loss 0.490, para-norm 2203.122, grad-norm 1.755, time_cost 23.038s,
epoch 5, train_loss 0.469, train_acc 0.816
epoch 5, dev_loss 0.499, dec_acc 0.824
model saved
epoch 6, batches 300|4292, train-acc 0.831, loss 0.444, para-norm 2219.411, grad-norm 0.895, time_cost 10.159s,
epoch 6, batches 600|4292, train-acc 0.828, loss 0.448, para-norm 2224.091, grad-norm 0.632, time_cost 11.230s,
epoch 6, batches 900|4292, train-acc 0.827, loss 0.442, para-norm 2228.838, grad-norm 0.748, time_cost 11.916s,
epoch 6, batches 1200|4292, train-acc 0.828, loss 0.443, para-norm 2233.648, grad-norm 1.026, time_cost 12.337s,
epoch 6, batches 1500|4292, train-acc 0.825, loss 0.448, para-norm 2238.876, grad-norm 0.991, time_cost 12.892s,
epoch 6, batches 1800|4292, train-acc 0.824, loss 0.451, para-norm 2243.577, grad-norm 0.704, time_cost 13.279s,
epoch 6, batches 2100|4292, train-acc 0.825, loss 0.450, para-norm 2246.858, grad-norm 0.981, time_cost 13.883s,
epoch 6, batches 2400|4292, train-acc 0.821, loss 0.453, para-norm 2253.134, grad-norm 1.204, time_cost 14.680s,
epoch 6, batches 2700|4292, train-acc 0.823, loss 0.452, para-norm 2257.832, grad-norm 1.103, time_cost 15.342s,
epoch 6, batches 3000|4292, train-acc 0.819, loss 0.462, para-norm 2263.212, grad-norm 0.756, time_cost 16.194s,
epoch 6, batches 3300|4292, train-acc 0.820, loss 0.465, para-norm 2266.833, grad-norm 1.658, time_cost 16.954s,
epoch 6, batches 3600|4292, train-acc 0.818, loss 0.465, para-norm 2272.146, grad-norm 1.159, time_cost 18.401s,
epoch 6, batches 3900|4292, train-acc 0.817, loss 0.467, para-norm 2275.586, grad-norm 0.838, time_cost 20.168s,
epoch 6, batches 4200|4292, train-acc 0.811, loss 0.479, para-norm 2279.681, grad-norm 1.954, time_cost 22.941s,
epoch 6, train_loss 0.456, train_acc 0.822
epoch 6, dev_loss 0.477, dec_acc 0.833
model saved
epoch 7, batches 300|4292, train-acc 0.837, loss 0.430, para-norm 2292.029, grad-norm 0.806, time_cost 10.131s,
epoch 7, batches 600|4292, train-acc 0.834, loss 0.432, para-norm 2296.147, grad-norm 0.691, time_cost 11.262s,
epoch 7, batches 900|4292, train-acc 0.835, loss 0.429, para-norm 2299.595, grad-norm 0.690, time_cost 11.904s,
epoch 7, batches 1200|4292, train-acc 0.830, loss 0.432, para-norm 2302.798, grad-norm 1.088, time_cost 12.334s,
epoch 7, batches 1500|4292, train-acc 0.830, loss 0.435, para-norm 2307.146, grad-norm 1.483, time_cost 12.873s,
epoch 7, batches 1800|4292, train-acc 0.829, loss 0.438, para-norm 2311.359, grad-norm 0.787, time_cost 13.293s,
epoch 7, batches 2100|4292, train-acc 0.828, loss 0.439, para-norm 2315.028, grad-norm 0.805, time_cost 13.893s,
epoch 7, batches 2400|4292, train-acc 0.828, loss 0.442, para-norm 2319.615, grad-norm 1.539, time_cost 14.711s,
epoch 7, batches 2700|4292, train-acc 0.829, loss 0.441, para-norm 2324.900, grad-norm 1.293, time_cost 15.460s,
epoch 7, batches 3000|4292, train-acc 0.824, loss 0.451, para-norm 2329.375, grad-norm 1.022, time_cost 16.228s,
epoch 7, batches 3300|4292, train-acc 0.824, loss 0.452, para-norm 2333.900, grad-norm 1.423, time_cost 16.961s,
epoch 7, batches 3600|4292, train-acc 0.823, loss 0.457, para-norm 2338.007, grad-norm 1.241, time_cost 18.404s,
epoch 7, batches 3900|4292, train-acc 0.821, loss 0.455, para-norm 2341.309, grad-norm 0.733, time_cost 20.190s,
epoch 7, batches 4200|4292, train-acc 0.815, loss 0.469, para-norm 2345.902, grad-norm 2.029, time_cost 23.004s,
epoch 7, train_loss 0.444, train_acc 0.827
epoch 7, dev_loss 0.464, dec_acc 0.832
model saved
epoch 8, batches 300|4292, train-acc 0.842, loss 0.418, para-norm 2355.788, grad-norm 0.906, time_cost 10.147s,
epoch 8, batches 600|4292, train-acc 0.837, loss 0.422, para-norm 2359.326, grad-norm 0.852, time_cost 11.215s,
epoch 8, batches 900|4292, train-acc 0.839, loss 0.417, para-norm 2363.061, grad-norm 0.703, time_cost 11.906s,
epoch 8, batches 1200|4292, train-acc 0.835, loss 0.420, para-norm 2366.709, grad-norm 1.185, time_cost 12.322s,
epoch 8, batches 1500|4292, train-acc 0.835, loss 0.425, para-norm 2370.672, grad-norm 1.501, time_cost 12.874s,
epoch 8, batches 1800|4292, train-acc 0.834, loss 0.427, para-norm 2375.075, grad-norm 1.242, time_cost 13.309s,
epoch 8, batches 2100|4292, train-acc 0.831, loss 0.430, para-norm 2378.129, grad-norm 0.804, time_cost 13.930s,
epoch 8, batches 2400|4292, train-acc 0.832, loss 0.432, para-norm 2382.746, grad-norm 1.339, time_cost 14.712s,
epoch 8, batches 2700|4292, train-acc 0.834, loss 0.431, para-norm 2386.926, grad-norm 1.567, time_cost 15.433s,
epoch 8, batches 3000|4292, train-acc 0.831, loss 0.443, para-norm 2390.468, grad-norm 1.032, time_cost 16.193s,
epoch 8, batches 3300|4292, train-acc 0.827, loss 0.443, para-norm 2392.940, grad-norm 1.466, time_cost 16.907s,
epoch 8, batches 3600|4292, train-acc 0.826, loss 0.447, para-norm 2397.128, grad-norm 1.325, time_cost 18.396s,
epoch 8, batches 3900|4292, train-acc 0.827, loss 0.448, para-norm 2400.084, grad-norm 1.335, time_cost 20.180s,
epoch 8, batches 4200|4292, train-acc 0.820, loss 0.461, para-norm 2403.418, grad-norm 2.570, time_cost 23.047s,
epoch 8, train_loss 0.434, train_acc 0.832
epoch 8, dev_loss 0.450, dec_acc 0.839
model saved
epoch 9, batches 300|4292, train-acc 0.845, loss 0.409, para-norm 2413.335, grad-norm 0.934, time_cost 10.120s,
epoch 9, batches 600|4292, train-acc 0.841, loss 0.412, para-norm 2416.687, grad-norm 0.783, time_cost 11.233s,
epoch 9, batches 900|4292, train-acc 0.843, loss 0.408, para-norm 2420.210, grad-norm 0.849, time_cost 11.915s,
epoch 9, batches 1200|4292, train-acc 0.841, loss 0.412, para-norm 2423.028, grad-norm 0.962, time_cost 12.327s,
epoch 9, batches 1500|4292, train-acc 0.836, loss 0.418, para-norm 2427.873, grad-norm 1.345, time_cost 12.878s,
epoch 9, batches 1800|4292, train-acc 0.835, loss 0.421, para-norm 2431.155, grad-norm 1.196, time_cost 13.324s,
epoch 9, batches 2100|4292, train-acc 0.835, loss 0.422, para-norm 2434.270, grad-norm 1.108, time_cost 13.930s,
epoch 9, batches 2400|4292, train-acc 0.837, loss 0.424, para-norm 2438.945, grad-norm 1.606, time_cost 14.723s,
epoch 9, batches 2700|4292, train-acc 0.837, loss 0.424, para-norm 2442.638, grad-norm 1.362, time_cost 15.456s,
epoch 9, batches 3000|4292, train-acc 0.832, loss 0.434, para-norm 2445.932, grad-norm 1.160, time_cost 16.262s,
epoch 9, batches 3300|4292, train-acc 0.831, loss 0.436, para-norm 2448.841, grad-norm 1.827, time_cost 16.962s,
epoch 9, batches 3600|4292, train-acc 0.830, loss 0.440, para-norm 2452.423, grad-norm 1.191, time_cost 18.385s,
epoch 9, batches 3900|4292, train-acc 0.827, loss 0.443, para-norm 2455.642, grad-norm 1.139, time_cost 20.155s,
epoch 9, batches 4200|4292, train-acc 0.823, loss 0.454, para-norm 2458.389, grad-norm 1.772, time_cost 22.982s,
epoch 9, train_loss 0.426, train_acc 0.835
epoch 9, dev_loss 0.430, dec_acc 0.839
model saved
epoch 10, batches 300|4292, train-acc 0.848, loss 0.403, para-norm 2464.540, grad-norm 1.177, time_cost 10.141s,
epoch 10, batches 600|4292, train-acc 0.846, loss 0.404, para-norm 2468.158, grad-norm 0.757, time_cost 11.260s,
epoch 10, batches 900|4292, train-acc 0.844, loss 0.402, para-norm 2471.232, grad-norm 0.962, time_cost 11.897s,
epoch 10, batches 1200|4292, train-acc 0.843, loss 0.403, para-norm 2473.703, grad-norm 1.073, time_cost 12.319s,
epoch 10, batches 1500|4292, train-acc 0.842, loss 0.409, para-norm 2476.861, grad-norm 1.666, time_cost 12.863s,
epoch 10, batches 1800|4292, train-acc 0.842, loss 0.410, para-norm 2480.714, grad-norm 1.075, time_cost 13.292s,
epoch 10, batches 2100|4292, train-acc 0.838, loss 0.415, para-norm 2483.523, grad-norm 1.059, time_cost 13.931s,
epoch 10, batches 2400|4292, train-acc 0.838, loss 0.417, para-norm 2486.734, grad-norm 1.330, time_cost 14.702s,
epoch 10, batches 2700|4292, train-acc 0.838, loss 0.416, para-norm 2491.121, grad-norm 1.499, time_cost 15.410s,
epoch 10, batches 3000|4292, train-acc 0.835, loss 0.428, para-norm 2493.053, grad-norm 1.146, time_cost 16.239s,
epoch 10, batches 3300|4292, train-acc 0.834, loss 0.428, para-norm 2495.769, grad-norm 1.634, time_cost 16.946s,
epoch 10, batches 3600|4292, train-acc 0.832, loss 0.433, para-norm 2499.634, grad-norm 1.393, time_cost 18.406s,
epoch 10, batches 3900|4292, train-acc 0.831, loss 0.437, para-norm 2502.178, grad-norm 1.051, time_cost 20.179s,
epoch 10, batches 4200|4292, train-acc 0.825, loss 0.447, para-norm 2504.870, grad-norm 1.765, time_cost 22.996s,
epoch 10, train_loss 0.419, train_acc 0.838
epoch 10, dev_loss 0.423, dec_acc 0.843
model saved
epoch 11, batches 300|4292, train-acc 0.853, loss 0.392, para-norm 2511.128, grad-norm 1.023, time_cost 10.164s,
epoch 11, batches 600|4292, train-acc 0.848, loss 0.397, para-norm 2515.278, grad-norm 1.087, time_cost 11.284s,
epoch 11, batches 900|4292, train-acc 0.849, loss 0.394, para-norm 2518.576, grad-norm 0.989, time_cost 11.939s,
epoch 11, batches 1200|4292, train-acc 0.846, loss 0.396, para-norm 2521.472, grad-norm 1.146, time_cost 12.324s,
epoch 11, batches 1500|4292, train-acc 0.844, loss 0.401, para-norm 2524.264, grad-norm 1.466, time_cost 12.891s,
epoch 11, batches 1800|4292, train-acc 0.845, loss 0.405, para-norm 2527.931, grad-norm 1.200, time_cost 13.312s,
epoch 11, batches 2100|4292, train-acc 0.841, loss 0.409, para-norm 2531.274, grad-norm 1.064, time_cost 13.930s,
epoch 11, batches 2400|4292, train-acc 0.841, loss 0.412, para-norm 2534.181, grad-norm 1.746, time_cost 14.725s,
epoch 11, batches 2700|4292, train-acc 0.843, loss 0.410, para-norm 2537.419, grad-norm 1.385, time_cost 15.427s,
epoch 11, batches 3000|4292, train-acc 0.837, loss 0.422, para-norm 2539.905, grad-norm 1.110, time_cost 16.314s,
epoch 11, batches 3300|4292, train-acc 0.838, loss 0.422, para-norm 2541.917, grad-norm 2.340, time_cost 17.016s,
epoch 11, batches 3600|4292, train-acc 0.837, loss 0.426, para-norm 2545.669, grad-norm 1.618, time_cost 18.427s,
epoch 11, batches 3900|4292, train-acc 0.834, loss 0.429, para-norm 2548.688, grad-norm 1.554, time_cost 20.254s,
epoch 11, batches 4200|4292, train-acc 0.829, loss 0.441, para-norm 2551.164, grad-norm 1.767, time_cost 23.033s,
epoch 11, train_loss 0.412, train_acc 0.841
epoch 11, dev_loss 0.418, dec_acc 0.846
model saved
epoch 12, batches 300|4292, train-acc 0.855, loss 0.386, para-norm 2557.144, grad-norm 1.021, time_cost 10.161s,
epoch 12, batches 600|4292, train-acc 0.852, loss 0.390, para-norm 2559.907, grad-norm 0.771, time_cost 11.314s,
epoch 12, batches 900|4292, train-acc 0.850, loss 0.389, para-norm 2562.371, grad-norm 0.752, time_cost 11.934s,
epoch 12, batches 1200|4292, train-acc 0.848, loss 0.391, para-norm 2565.058, grad-norm 1.276, time_cost 12.356s,
epoch 12, batches 1500|4292, train-acc 0.846, loss 0.396, para-norm 2568.045, grad-norm 1.607, time_cost 12.911s,
epoch 12, batches 1800|4292, train-acc 0.848, loss 0.398, para-norm 2570.537, grad-norm 1.214, time_cost 13.376s,
epoch 12, batches 2100|4292, train-acc 0.845, loss 0.404, para-norm 2572.370, grad-norm 1.196, time_cost 14.024s,
epoch 12, batches 2400|4292, train-acc 0.844, loss 0.405, para-norm 2576.190, grad-norm 1.511, time_cost 14.779s,
epoch 12, batches 2700|4292, train-acc 0.845, loss 0.403, para-norm 2579.478, grad-norm 2.181, time_cost 15.470s,
epoch 12, batches 3000|4292, train-acc 0.842, loss 0.413, para-norm 2581.736, grad-norm 1.370, time_cost 16.289s,
epoch 12, batches 3300|4292, train-acc 0.840, loss 0.416, para-norm 2584.474, grad-norm 2.323, time_cost 16.982s,
epoch 12, batches 3600|4292, train-acc 0.838, loss 0.421, para-norm 2587.282, grad-norm 1.765, time_cost 18.405s,
epoch 12, batches 3900|4292, train-acc 0.836, loss 0.424, para-norm 2589.534, grad-norm 1.469, time_cost 20.248s,
epoch 12, batches 4200|4292, train-acc 0.830, loss 0.435, para-norm 2591.567, grad-norm 2.006, time_cost 23.077s,
epoch 12, train_loss 0.406, train_acc 0.844
epoch 12, dev_loss 0.408, dec_acc 0.847
model saved
epoch 13, batches 300|4292, train-acc 0.857, loss 0.380, para-norm 2596.195, grad-norm 1.123, time_cost 10.197s,
epoch 13, batches 600|4292, train-acc 0.855, loss 0.384, para-norm 2599.286, grad-norm 1.159, time_cost 11.297s,
epoch 13, batches 900|4292, train-acc 0.854, loss 0.381, para-norm 2602.097, grad-norm 0.996, time_cost 11.915s,
epoch 13, batches 1200|4292, train-acc 0.850, loss 0.385, para-norm 2605.539, grad-norm 1.475, time_cost 12.329s,
epoch 13, batches 1500|4292, train-acc 0.851, loss 0.389, para-norm 2609.038, grad-norm 1.593, time_cost 12.889s,
epoch 13, batches 1800|4292, train-acc 0.851, loss 0.390, para-norm 2612.859, grad-norm 1.364, time_cost 13.368s,
epoch 13, batches 2100|4292, train-acc 0.848, loss 0.396, para-norm 2614.928, grad-norm 1.043, time_cost 13.975s,
epoch 13, batches 2400|4292, train-acc 0.849, loss 0.398, para-norm 2617.695, grad-norm 1.790, time_cost 14.731s,
epoch 13, batches 2700|4292, train-acc 0.846, loss 0.399, para-norm 2621.216, grad-norm 1.777, time_cost 15.501s,
epoch 13, batches 3000|4292, train-acc 0.844, loss 0.409, para-norm 2623.401, grad-norm 1.335, time_cost 16.342s,
epoch 13, batches 3300|4292, train-acc 0.842, loss 0.410, para-norm 2625.388, grad-norm 2.353, time_cost 17.021s,
epoch 13, batches 3600|4292, train-acc 0.840, loss 0.416, para-norm 2628.534, grad-norm 1.471, time_cost 18.429s,
epoch 13, batches 3900|4292, train-acc 0.839, loss 0.417, para-norm 2631.065, grad-norm 1.280, time_cost 20.279s,
epoch 13, batches 4200|4292, train-acc 0.833, loss 0.430, para-norm 2633.269, grad-norm 1.845, time_cost 23.136s,
epoch 13, train_loss 0.400, train_acc 0.847
epoch 13, dev_loss 0.407, dec_acc 0.848
model saved
epoch 14, batches 300|4292, train-acc 0.860, loss 0.376, para-norm 2636.946, grad-norm 1.122, time_cost 10.228s,
epoch 14, batches 600|4292, train-acc 0.857, loss 0.378, para-norm 2639.427, grad-norm 0.906, time_cost 11.377s,
epoch 14, batches 900|4292, train-acc 0.857, loss 0.375, para-norm 2642.169, grad-norm 1.114, time_cost 11.937s,
epoch 14, batches 1200|4292, train-acc 0.854, loss 0.379, para-norm 2644.455, grad-norm 1.395, time_cost 12.368s,
epoch 14, batches 1500|4292, train-acc 0.852, loss 0.383, para-norm 2648.281, grad-norm 1.835, time_cost 12.894s,
epoch 14, batches 1800|4292, train-acc 0.851, loss 0.387, para-norm 2651.242, grad-norm 1.318, time_cost 13.406s,
epoch 14, batches 2100|4292, train-acc 0.848, loss 0.393, para-norm 2653.555, grad-norm 1.188, time_cost 14.024s,
epoch 14, batches 2400|4292, train-acc 0.848, loss 0.395, para-norm 2657.144, grad-norm 2.668, time_cost 14.754s,
epoch 14, batches 2700|4292, train-acc 0.849, loss 0.394, para-norm 2659.673, grad-norm 1.412, time_cost 15.498s,
epoch 14, batches 3000|4292, train-acc 0.845, loss 0.406, para-norm 2661.940, grad-norm 1.625, time_cost 16.368s,
epoch 14, batches 3300|4292, train-acc 0.845, loss 0.407, para-norm 2663.930, grad-norm 2.547, time_cost 17.048s,
epoch 14, batches 3600|4292, train-acc 0.842, loss 0.411, para-norm 2668.878, grad-norm 1.651, time_cost 18.474s,
epoch 14, batches 3900|4292, train-acc 0.843, loss 0.410, para-norm 2671.333, grad-norm 1.577, time_cost 20.251s,
epoch 14, batches 4200|4292, train-acc 0.837, loss 0.425, para-norm 2672.929, grad-norm 2.011, time_cost 23.100s,
epoch 14, train_loss 0.395, train_acc 0.849
epoch 14, dev_loss 0.399, dec_acc 0.851
model saved
epoch 15, batches 300|4292, train-acc 0.860, loss 0.370, para-norm 2677.188, grad-norm 1.163, time_cost 10.216s,
epoch 15, batches 600|4292, train-acc 0.858, loss 0.374, para-norm 2679.909, grad-norm 1.267, time_cost 11.351s,
epoch 15, batches 900|4292, train-acc 0.859, loss 0.371, para-norm 2683.024, grad-norm 1.120, time_cost 11.914s,
epoch 15, batches 1200|4292, train-acc 0.856, loss 0.374, para-norm 2685.909, grad-norm 1.284, time_cost 12.326s,
epoch 15, batches 1500|4292, train-acc 0.856, loss 0.379, para-norm 2689.313, grad-norm 2.517, time_cost 12.889s,
epoch 15, batches 1800|4292, train-acc 0.855, loss 0.380, para-norm 2692.315, grad-norm 1.370, time_cost 13.348s,
epoch 15, batches 2100|4292, train-acc 0.853, loss 0.386, para-norm 2695.041, grad-norm 1.607, time_cost 13.964s,
epoch 15, batches 2400|4292, train-acc 0.851, loss 0.390, para-norm 2698.404, grad-norm 2.754, time_cost 14.714s,
epoch 15, batches 2700|4292, train-acc 0.853, loss 0.388, para-norm 2701.106, grad-norm 1.816, time_cost 15.403s,
epoch 15, batches 3000|4292, train-acc 0.845, loss 0.402, para-norm 2703.265, grad-norm 1.584, time_cost 16.318s,
epoch 15, batches 3300|4292, train-acc 0.843, loss 0.406, para-norm 2705.440, grad-norm 2.620, time_cost 17.026s,
epoch 15, batches 3600|4292, train-acc 0.843, loss 0.406, para-norm 2708.619, grad-norm 1.928, time_cost 18.440s,
epoch 15, batches 3900|4292, train-acc 0.843, loss 0.408, para-norm 2711.177, grad-norm 1.430, time_cost 20.272s,
epoch 15, batches 4200|4292, train-acc 0.839, loss 0.419, para-norm 2713.682, grad-norm 1.943, time_cost 23.021s,
epoch 15, train_loss 0.390, train_acc 0.851
epoch 15, dev_loss 0.397, dec_acc 0.852
model saved
epoch 16, batches 300|4292, train-acc 0.863, loss 0.364, para-norm 2716.905, grad-norm 1.577, time_cost 10.222s,
epoch 16, batches 600|4292, train-acc 0.859, loss 0.371, para-norm 2718.780, grad-norm 1.476, time_cost 11.369s,
epoch 16, batches 900|4292, train-acc 0.861, loss 0.366, para-norm 2720.832, grad-norm 0.848, time_cost 11.910s,
epoch 16, batches 1200|4292, train-acc 0.859, loss 0.367, para-norm 2724.163, grad-norm 1.773, time_cost 12.324s,
epoch 16, batches 1500|4292, train-acc 0.856, loss 0.376, para-norm 2726.716, grad-norm 2.129, time_cost 12.886s,
epoch 16, batches 1800|4292, train-acc 0.856, loss 0.378, para-norm 2728.469, grad-norm 1.540, time_cost 13.372s,
epoch 16, batches 2100|4292, train-acc 0.853, loss 0.382, para-norm 2731.905, grad-norm 1.590, time_cost 13.986s,
epoch 16, batches 2400|4292, train-acc 0.854, loss 0.384, para-norm 2735.402, grad-norm 2.304, time_cost 14.751s,
epoch 16, batches 2700|4292, train-acc 0.853, loss 0.384, para-norm 2737.986, grad-norm 1.765, time_cost 15.511s,
epoch 16, batches 3000|4292, train-acc 0.848, loss 0.398, para-norm 2740.060, grad-norm 1.373, time_cost 16.314s,
epoch 16, batches 3300|4292, train-acc 0.848, loss 0.398, para-norm 2742.448, grad-norm 3.216, time_cost 17.021s,
epoch 16, batches 3600|4292, train-acc 0.845, loss 0.403, para-norm 2744.844, grad-norm 2.175, time_cost 18.426s,
epoch 16, batches 3900|4292, train-acc 0.845, loss 0.406, para-norm 2746.994, grad-norm 1.767, time_cost 20.317s,
epoch 16, batches 4200|4292, train-acc 0.840, loss 0.415, para-norm 2749.883, grad-norm 1.743, time_cost 23.102s,
epoch 16, train_loss 0.386, train_acc 0.852
epoch 16, dev_loss 0.393, dec_acc 0.851
model saved
epoch 17, batches 300|4292, train-acc 0.865, loss 0.359, para-norm 2752.382, grad-norm 1.636, time_cost 10.174s,
epoch 17, batches 600|4292, train-acc 0.862, loss 0.366, para-norm 2754.221, grad-norm 1.668, time_cost 11.355s,
epoch 17, batches 900|4292, train-acc 0.862, loss 0.361, para-norm 2756.339, grad-norm 1.040, time_cost 11.914s,
epoch 17, batches 1200|4292, train-acc 0.860, loss 0.366, para-norm 2759.033, grad-norm 2.234, time_cost 12.335s,
epoch 17, batches 1500|4292, train-acc 0.857, loss 0.372, para-norm 2761.227, grad-norm 1.413, time_cost 12.890s,
epoch 17, batches 1800|4292, train-acc 0.857, loss 0.374, para-norm 2763.776, grad-norm 1.748, time_cost 13.373s,
epoch 17, batches 2100|4292, train-acc 0.854, loss 0.378, para-norm 2766.475, grad-norm 1.615, time_cost 13.975s,
epoch 17, batches 2400|4292, train-acc 0.855, loss 0.380, para-norm 2769.786, grad-norm 1.819, time_cost 14.742s,
epoch 17, batches 2700|4292, train-acc 0.854, loss 0.380, para-norm 2772.362, grad-norm 2.158, time_cost 15.449s,
epoch 17, batches 3000|4292, train-acc 0.851, loss 0.390, para-norm 2774.188, grad-norm 1.504, time_cost 16.321s,
epoch 17, batches 3300|4292, train-acc 0.849, loss 0.394, para-norm 2776.297, grad-norm 2.828, time_cost 17.045s,
epoch 17, batches 3600|4292, train-acc 0.847, loss 0.398, para-norm 2779.635, grad-norm 2.085, time_cost 18.499s,
epoch 17, batches 3900|4292, train-acc 0.847, loss 0.398, para-norm 2781.673, grad-norm 1.604, time_cost 20.288s,
epoch 17, batches 4200|4292, train-acc 0.841, loss 0.411, para-norm 2783.270, grad-norm 2.357, time_cost 23.075s,
epoch 17, train_loss 0.381, train_acc 0.854
epoch 17, dev_loss 0.390, dec_acc 0.856
model saved
epoch 18, batches 300|4292, train-acc 0.866, loss 0.357, para-norm 2786.531, grad-norm 1.427, time_cost 10.227s,
epoch 18, batches 600|4292, train-acc 0.866, loss 0.359, para-norm 2789.257, grad-norm 1.426, time_cost 11.308s,
epoch 18, batches 900|4292, train-acc 0.864, loss 0.356, para-norm 2791.242, grad-norm 1.062, time_cost 11.906s,
epoch 18, batches 1200|4292, train-acc 0.863, loss 0.360, para-norm 2793.517, grad-norm 1.604, time_cost 12.331s,
epoch 18, batches 1500|4292, train-acc 0.858, loss 0.367, para-norm 2796.331, grad-norm 2.051, time_cost 12.892s,
epoch 18, batches 1800|4292, train-acc 0.860, loss 0.368, para-norm 2798.817, grad-norm 1.845, time_cost 13.392s,
epoch 18, batches 2100|4292, train-acc 0.856, loss 0.373, para-norm 2800.944, grad-norm 1.191, time_cost 13.991s,
epoch 18, batches 2400|4292, train-acc 0.855, loss 0.376, para-norm 2803.744, grad-norm 2.684, time_cost 14.728s,
epoch 18, batches 2700|4292, train-acc 0.858, loss 0.374, para-norm 2806.049, grad-norm 1.800, time_cost 15.471s,
epoch 18, batches 3000|4292, train-acc 0.852, loss 0.389, para-norm 2807.746, grad-norm 2.156, time_cost 16.330s,
epoch 18, batches 3300|4292, train-acc 0.853, loss 0.390, para-norm 2810.401, grad-norm 2.328, time_cost 17.055s,
epoch 18, batches 3600|4292, train-acc 0.851, loss 0.392, para-norm 2812.899, grad-norm 1.889, time_cost 18.446s,
epoch 18, batches 3900|4292, train-acc 0.848, loss 0.396, para-norm 2814.854, grad-norm 1.969, time_cost 20.262s,
epoch 18, batches 4200|4292, train-acc 0.843, loss 0.408, para-norm 2816.486, grad-norm 1.932, time_cost 23.097s,
epoch 18, train_loss 0.377, train_acc 0.856
epoch 18, dev_loss 0.388, dec_acc 0.853
model saved
epoch 19, batches 300|4292, train-acc 0.869, loss 0.351, para-norm 2819.405, grad-norm 1.991, time_cost 10.201s,
epoch 19, batches 600|4292, train-acc 0.866, loss 0.356, para-norm 2821.615, grad-norm 1.818, time_cost 11.317s,
epoch 19, batches 900|4292, train-acc 0.865, loss 0.352, para-norm 2823.877, grad-norm 1.010, time_cost 11.917s,
epoch 19, batches 1200|4292, train-acc 0.865, loss 0.358, para-norm 2825.730, grad-norm 2.311, time_cost 12.348s,
epoch 19, batches 1500|4292, train-acc 0.859, loss 0.366, para-norm 2828.231, grad-norm 2.226, time_cost 12.904s,
epoch 19, batches 1800|4292, train-acc 0.861, loss 0.363, para-norm 2830.749, grad-norm 1.726, time_cost 13.363s,
epoch 19, batches 2100|4292, train-acc 0.857, loss 0.371, para-norm 2832.841, grad-norm 1.611, time_cost 14.008s,
epoch 19, batches 2400|4292, train-acc 0.856, loss 0.374, para-norm 2835.565, grad-norm 2.354, time_cost 14.744s,
epoch 19, batches 2700|4292, train-acc 0.858, loss 0.373, para-norm 2838.059, grad-norm 1.878, time_cost 15.380s,
epoch 19, batches 3000|4292, train-acc 0.853, loss 0.383, para-norm 2839.803, grad-norm 1.544, time_cost 16.288s,
epoch 19, batches 3300|4292, train-acc 0.853, loss 0.387, para-norm 2841.735, grad-norm 2.987, time_cost 16.983s,
epoch 19, batches 3600|4292, train-acc 0.849, loss 0.393, para-norm 2844.854, grad-norm 2.390, time_cost 18.415s,
epoch 19, batches 3900|4292, train-acc 0.850, loss 0.393, para-norm 2847.458, grad-norm 1.705, time_cost 20.204s,
epoch 19, batches 4200|4292, train-acc 0.845, loss 0.405, para-norm 2849.276, grad-norm 3.072, time_cost 22.987s,
epoch 19, train_loss 0.374, train_acc 0.857
epoch 19, dev_loss 0.388, dec_acc 0.854
model saved
epoch 20, batches 300|4292, train-acc 0.869, loss 0.347, para-norm 2852.079, grad-norm 1.497, time_cost 10.163s,
epoch 20, batches 600|4292, train-acc 0.869, loss 0.352, para-norm 2854.180, grad-norm 1.598, time_cost 11.312s,
epoch 20, batches 900|4292, train-acc 0.867, loss 0.350, para-norm 2856.019, grad-norm 1.223, time_cost 11.916s,
epoch 20, batches 1200|4292, train-acc 0.865, loss 0.354, para-norm 2857.729, grad-norm 2.168, time_cost 12.321s,
epoch 20, batches 1500|4292, train-acc 0.862, loss 0.361, para-norm 2860.071, grad-norm 1.815, time_cost 12.876s,
epoch 20, batches 1800|4292, train-acc 0.861, loss 0.361, para-norm 2862.274, grad-norm 1.473, time_cost 13.325s,
epoch 20, batches 2100|4292, train-acc 0.859, loss 0.367, para-norm 2864.165, grad-norm 1.257, time_cost 13.960s,
epoch 20, batches 2400|4292, train-acc 0.860, loss 0.367, para-norm 2867.401, grad-norm 1.956, time_cost 14.758s,
epoch 20, batches 2700|4292, train-acc 0.860, loss 0.366, para-norm 2869.837, grad-norm 1.824, time_cost 15.513s,
epoch 20, batches 3000|4292, train-acc 0.855, loss 0.381, para-norm 2871.331, grad-norm 2.167, time_cost 16.322s,
epoch 20, batches 3300|4292, train-acc 0.853, loss 0.386, para-norm 2873.362, grad-norm 2.477, time_cost 17.010s,
epoch 20, batches 3600|4292, train-acc 0.852, loss 0.386, para-norm 2875.863, grad-norm 2.171, time_cost 18.465s,
epoch 20, batches 3900|4292, train-acc 0.850, loss 0.390, para-norm 2877.260, grad-norm 2.034, time_cost 20.253s,
epoch 20, batches 4200|4292, train-acc 0.846, loss 0.398, para-norm 2879.218, grad-norm 2.130, time_cost 23.086s,
epoch 20, train_loss 0.370, train_acc 0.859
epoch 20, dev_loss 0.386, dec_acc 0.853
model saved
epoch 21, batches 300|4292, train-acc 0.873, loss 0.346, para-norm 2882.008, grad-norm 2.501, time_cost 10.239s,
epoch 21, batches 600|4292, train-acc 0.870, loss 0.350, para-norm 2883.684, grad-norm 1.396, time_cost 11.384s,
epoch 21, batches 900|4292, train-acc 0.868, loss 0.346, para-norm 2885.469, grad-norm 1.271, time_cost 11.947s,
epoch 21, batches 1200|4292, train-acc 0.865, loss 0.351, para-norm 2887.036, grad-norm 1.996, time_cost 12.369s,
epoch 21, batches 1500|4292, train-acc 0.863, loss 0.356, para-norm 2889.448, grad-norm 2.145, time_cost 12.919s,
epoch 21, batches 1800|4292, train-acc 0.864, loss 0.357, para-norm 2892.189, grad-norm 1.817, time_cost 13.392s,
epoch 21, batches 2100|4292, train-acc 0.861, loss 0.361, para-norm 2894.058, grad-norm 1.441, time_cost 13.998s,
epoch 21, batches 2400|4292, train-acc 0.860, loss 0.365, para-norm 2896.773, grad-norm 2.654, time_cost 14.745s,
epoch 21, batches 2700|4292, train-acc 0.863, loss 0.361, para-norm 2899.882, grad-norm 1.903, time_cost 15.496s,
epoch 21, batches 3000|4292, train-acc 0.855, loss 0.380, para-norm 2900.886, grad-norm 2.043, time_cost 16.335s,
epoch 21, batches 3300|4292, train-acc 0.855, loss 0.379, para-norm 2903.443, grad-norm 2.986, time_cost 17.035s,
epoch 21, batches 3600|4292, train-acc 0.854, loss 0.383, para-norm 2906.642, grad-norm 2.388, time_cost 18.455s,
epoch 21, batches 3900|4292, train-acc 0.853, loss 0.387, para-norm 2908.369, grad-norm 1.795, time_cost 20.268s,
epoch 21, batches 4200|4292, train-acc 0.847, loss 0.395, para-norm 2909.676, grad-norm 2.789, time_cost 23.055s,
epoch 21, train_loss 0.366, train_acc 0.860
epoch 21, dev_loss 0.385, dec_acc 0.855
model saved
epoch 22, batches 300|4292, train-acc 0.871, loss 0.343, para-norm 2913.306, grad-norm 1.572, time_cost 10.200s,
epoch 22, batches 600|4292, train-acc 0.872, loss 0.345, para-norm 2914.953, grad-norm 1.684, time_cost 11.344s,
epoch 22, batches 900|4292, train-acc 0.870, loss 0.341, para-norm 2916.889, grad-norm 1.114, time_cost 11.919s,
epoch 22, batches 1200|4292, train-acc 0.868, loss 0.346, para-norm 2918.484, grad-norm 1.918, time_cost 12.327s,
epoch 22, batches 1500|4292, train-acc 0.867, loss 0.352, para-norm 2920.758, grad-norm 2.030, time_cost 12.885s,
epoch 22, batches 1800|4292, train-acc 0.864, loss 0.355, para-norm 2923.018, grad-norm 2.007, time_cost 13.359s,
epoch 22, batches 2100|4292, train-acc 0.862, loss 0.359, para-norm 2925.121, grad-norm 1.399, time_cost 13.978s,
epoch 22, batches 2400|4292, train-acc 0.864, loss 0.361, para-norm 2928.146, grad-norm 2.829, time_cost 14.747s,
epoch 22, batches 2700|4292, train-acc 0.861, loss 0.362, para-norm 2930.513, grad-norm 2.898, time_cost 15.433s,
epoch 22, batches 3000|4292, train-acc 0.857, loss 0.373, para-norm 2932.458, grad-norm 2.018, time_cost 16.327s,
epoch 22, batches 3300|4292, train-acc 0.856, loss 0.377, para-norm 2934.318, grad-norm 2.578, time_cost 16.992s,
epoch 22, batches 3600|4292, train-acc 0.855, loss 0.379, para-norm 2936.512, grad-norm 2.752, time_cost 18.453s,
epoch 22, batches 3900|4292, train-acc 0.854, loss 0.382, para-norm 2938.107, grad-norm 1.976, time_cost 20.266s,
epoch 22, batches 4200|4292, train-acc 0.850, loss 0.390, para-norm 2940.809, grad-norm 3.151, time_cost 23.074s,
epoch 22, train_loss 0.363, train_acc 0.862
epoch 22, dev_loss 0.385, dec_acc 0.856
model saved
epoch 23, batches 300|4292, train-acc 0.874, loss 0.337, para-norm 2943.325, grad-norm 2.218, time_cost 10.173s,
epoch 23, batches 600|4292, train-acc 0.871, loss 0.344, para-norm 2944.549, grad-norm 1.654, time_cost 11.300s,
epoch 23, batches 900|4292, train-acc 0.871, loss 0.337, para-norm 2946.348, grad-norm 1.207, time_cost 11.913s,
epoch 23, batches 1200|4292, train-acc 0.868, loss 0.342, para-norm 2948.342, grad-norm 2.012, time_cost 12.339s,
epoch 23, batches 1500|4292, train-acc 0.865, loss 0.351, para-norm 2950.996, grad-norm 3.052, time_cost 12.916s,
epoch 23, batches 1800|4292, train-acc 0.868, loss 0.349, para-norm 2953.687, grad-norm 2.080, time_cost 13.409s,
epoch 23, batches 2100|4292, train-acc 0.865, loss 0.355, para-norm 2955.500, grad-norm 1.971, time_cost 14.058s,
epoch 23, batches 2400|4292, train-acc 0.864, loss 0.356, para-norm 2957.772, grad-norm 2.966, time_cost 14.833s,
epoch 23, batches 2700|4292, train-acc 0.863, loss 0.356, para-norm 2960.288, grad-norm 2.335, time_cost 15.450s,
epoch 23, batches 3000|4292, train-acc 0.860, loss 0.369, para-norm 2962.253, grad-norm 2.822, time_cost 16.338s,
epoch 23, batches 3300|4292, train-acc 0.858, loss 0.373, para-norm 2963.860, grad-norm 3.688, time_cost 17.009s,
epoch 23, batches 3600|4292, train-acc 0.856, loss 0.377, para-norm 2966.287, grad-norm 2.804, time_cost 18.414s,
epoch 23, batches 3900|4292, train-acc 0.854, loss 0.378, para-norm 2968.445, grad-norm 2.354, time_cost 20.264s,
epoch 23, batches 4200|4292, train-acc 0.852, loss 0.388, para-norm 2970.160, grad-norm 2.809, time_cost 23.062s,
epoch 23, train_loss 0.359, train_acc 0.863
epoch 23, dev_loss 0.383, dec_acc 0.856
model saved
epoch 24, batches 300|4292, train-acc 0.874, loss 0.336, para-norm 2972.568, grad-norm 2.035, time_cost 10.210s,
epoch 24, batches 600|4292, train-acc 0.873, loss 0.339, para-norm 2974.327, grad-norm 2.164, time_cost 11.336s,
epoch 24, batches 900|4292, train-acc 0.873, loss 0.334, para-norm 2976.203, grad-norm 1.424, time_cost 11.901s,
epoch 24, batches 1200|4292, train-acc 0.871, loss 0.342, para-norm 2978.111, grad-norm 2.075, time_cost 12.324s,
epoch 24, batches 1500|4292, train-acc 0.867, loss 0.346, para-norm 2980.378, grad-norm 2.598, time_cost 12.880s,
epoch 24, batches 1800|4292, train-acc 0.870, loss 0.344, para-norm 2983.169, grad-norm 2.204, time_cost 13.358s,
epoch 24, batches 2100|4292, train-acc 0.863, loss 0.356, para-norm 2984.860, grad-norm 2.135, time_cost 13.980s,
epoch 24, batches 2400|4292, train-acc 0.863, loss 0.359, para-norm 2987.357, grad-norm 2.652, time_cost 14.733s,
epoch 24, batches 2700|4292, train-acc 0.865, loss 0.355, para-norm 2990.043, grad-norm 2.691, time_cost 15.409s,
epoch 24, batches 3000|4292, train-acc 0.859, loss 0.368, para-norm 2992.423, grad-norm 2.042, time_cost 16.311s,
epoch 24, batches 3300|4292, train-acc 0.857, loss 0.370, para-norm 2994.135, grad-norm 3.986, time_cost 17.004s,
epoch 24, batches 3600|4292, train-acc 0.857, loss 0.375, para-norm 2996.347, grad-norm 2.591, time_cost 18.424s,
epoch 24, batches 3900|4292, train-acc 0.855, loss 0.378, para-norm 2998.425, grad-norm 2.326, time_cost 20.200s,
epoch 24, batches 4200|4292, train-acc 0.851, loss 0.386, para-norm 2999.991, grad-norm 2.158, time_cost 23.006s,
epoch 24, train_loss 0.357, train_acc 0.864
epoch 24, dev_loss 0.385, dec_acc 0.856
model saved
epoch 25, batches 300|4292, train-acc 0.875, loss 0.334, para-norm 3001.876, grad-norm 1.991, time_cost 10.173s,
epoch 25, batches 600|4292, train-acc 0.874, loss 0.335, para-norm 3003.892, grad-norm 1.597, time_cost 11.330s,
epoch 25, batches 900|4292, train-acc 0.873, loss 0.334, para-norm 3005.389, grad-norm 1.487, time_cost 11.920s,
epoch 25, batches 1200|4292, train-acc 0.872, loss 0.336, para-norm 3006.872, grad-norm 2.230, time_cost 12.330s,
epoch 25, batches 1500|4292, train-acc 0.868, loss 0.345, para-norm 3009.043, grad-norm 3.185, time_cost 12.934s,
epoch 25, batches 1800|4292, train-acc 0.869, loss 0.344, para-norm 3010.822, grad-norm 2.664, time_cost 13.392s,
epoch 25, batches 2100|4292, train-acc 0.867, loss 0.349, para-norm 3012.488, grad-norm 2.357, time_cost 13.966s,
epoch 25, batches 2400|4292, train-acc 0.862, loss 0.354, para-norm 3015.116, grad-norm 2.489, time_cost 14.750s,
epoch 25, batches 2700|4292, train-acc 0.866, loss 0.352, para-norm 3016.986, grad-norm 3.141, time_cost 15.485s,
epoch 25, batches 3000|4292, train-acc 0.859, loss 0.367, para-norm 3018.223, grad-norm 2.154, time_cost 16.303s,
epoch 25, batches 3300|4292, train-acc 0.858, loss 0.368, para-norm 3019.815, grad-norm 2.612, time_cost 17.018s,
epoch 25, batches 3600|4292, train-acc 0.856, loss 0.372, para-norm 3022.251, grad-norm 2.375, time_cost 18.485s,
epoch 25, batches 3900|4292, train-acc 0.856, loss 0.374, para-norm 3024.907, grad-norm 2.104, time_cost 20.258s,
epoch 25, batches 4200|4292, train-acc 0.852, loss 0.384, para-norm 3026.904, grad-norm 3.209, time_cost 23.037s,
epoch 25, train_loss 0.354, train_acc 0.865
epoch 25, dev_loss 0.382, dec_acc 0.858
model saved
epoch 26, batches 300|4292, train-acc 0.879, loss 0.327, para-norm 3028.890, grad-norm 1.826, time_cost 10.204s,
epoch 26, batches 600|4292, train-acc 0.874, loss 0.335, para-norm 3030.558, grad-norm 1.671, time_cost 11.360s,
epoch 26, batches 900|4292, train-acc 0.876, loss 0.327, para-norm 3032.518, grad-norm 1.760, time_cost 11.935s,
epoch 26, batches 1200|4292, train-acc 0.872, loss 0.334, para-norm 3034.044, grad-norm 2.382, time_cost 12.339s,
epoch 26, batches 1500|4292, train-acc 0.869, loss 0.342, para-norm 3036.091, grad-norm 2.643, time_cost 12.893s,
epoch 26, batches 1800|4292, train-acc 0.870, loss 0.340, para-norm 3037.799, grad-norm 1.990, time_cost 13.391s,
epoch 26, batches 2100|4292, train-acc 0.866, loss 0.347, para-norm 3039.341, grad-norm 2.127, time_cost 14.000s,
epoch 26, batches 2400|4292, train-acc 0.868, loss 0.348, para-norm 3042.245, grad-norm 3.485, time_cost 14.766s,
epoch 26, batches 2700|4292, train-acc 0.868, loss 0.348, para-norm 3044.795, grad-norm 2.706, time_cost 15.501s,
epoch 26, batches 3000|4292, train-acc 0.861, loss 0.363, para-norm 3046.264, grad-norm 2.582, time_cost 16.337s,
epoch 26, batches 3300|4292, train-acc 0.862, loss 0.364, para-norm 3047.619, grad-norm 2.829, time_cost 17.028s,
epoch 26, batches 3600|4292, train-acc 0.858, loss 0.368, para-norm 3050.153, grad-norm 2.212, time_cost 18.487s,
epoch 26, batches 3900|4292, train-acc 0.859, loss 0.370, para-norm 3051.740, grad-norm 2.700, time_cost 20.318s,
epoch 26, batches 4200|4292, train-acc 0.854, loss 0.380, para-norm 3053.634, grad-norm 2.740, time_cost 23.153s,
epoch 26, train_loss 0.350, train_acc 0.866
epoch 26, dev_loss 0.384, dec_acc 0.855
model saved
epoch 27, batches 300|4292, train-acc 0.877, loss 0.328, para-norm 3056.031, grad-norm 2.098, time_cost 10.303s,
epoch 27, batches 600|4292, train-acc 0.876, loss 0.329, para-norm 3058.111, grad-norm 2.134, time_cost 11.384s,
epoch 27, batches 900|4292, train-acc 0.876, loss 0.327, para-norm 3059.685, grad-norm 1.452, time_cost 11.932s,
epoch 27, batches 1200|4292, train-acc 0.874, loss 0.331, para-norm 3060.729, grad-norm 2.723, time_cost 12.348s,
epoch 27, batches 1500|4292, train-acc 0.871, loss 0.339, para-norm 3062.769, grad-norm 3.077, time_cost 12.893s,
epoch 27, batches 1800|4292, train-acc 0.872, loss 0.339, para-norm 3064.714, grad-norm 1.750, time_cost 13.376s,
epoch 27, batches 2100|4292, train-acc 0.870, loss 0.343, para-norm 3066.309, grad-norm 1.818, time_cost 13.996s,
epoch 27, batches 2400|4292, train-acc 0.868, loss 0.347, para-norm 3068.877, grad-norm 2.833, time_cost 14.772s,
epoch 27, batches 2700|4292, train-acc 0.870, loss 0.343, para-norm 3071.909, grad-norm 2.477, time_cost 15.464s,
epoch 27, batches 3000|4292, train-acc 0.862, loss 0.360, para-norm 3073.036, grad-norm 2.225, time_cost 16.315s,
epoch 27, batches 3300|4292, train-acc 0.863, loss 0.362, para-norm 3074.455, grad-norm 3.726, time_cost 16.996s,
epoch 27, batches 3600|4292, train-acc 0.860, loss 0.364, para-norm 3076.898, grad-norm 2.390, time_cost 18.430s,
epoch 27, batches 3900|4292, train-acc 0.859, loss 0.368, para-norm 3078.667, grad-norm 2.322, time_cost 20.251s,
epoch 27, batches 4200|4292, train-acc 0.856, loss 0.375, para-norm 3080.446, grad-norm 3.125, time_cost 23.121s,
epoch 27, train_loss 0.348, train_acc 0.868
epoch 27, dev_loss 0.384, dec_acc 0.854
model saved
epoch 28, batches 300|4292, train-acc 0.881, loss 0.321, para-norm 3083.174, grad-norm 2.140, time_cost 10.184s,
epoch 28, batches 600|4292, train-acc 0.879, loss 0.329, para-norm 3084.501, grad-norm 1.443, time_cost 11.317s,
epoch 28, batches 900|4292, train-acc 0.877, loss 0.324, para-norm 3086.291, grad-norm 1.606, time_cost 11.932s,
epoch 28, batches 1200|4292, train-acc 0.875, loss 0.329, para-norm 3087.747, grad-norm 2.964, time_cost 12.349s,
epoch 28, batches 1500|4292, train-acc 0.872, loss 0.336, para-norm 3089.884, grad-norm 3.049, time_cost 12.905s,
epoch 28, batches 1800|4292, train-acc 0.875, loss 0.331, para-norm 3091.750, grad-norm 2.502, time_cost 13.374s,
epoch 28, batches 2100|4292, train-acc 0.870, loss 0.341, para-norm 3092.790, grad-norm 1.834, time_cost 13.980s,
epoch 28, batches 2400|4292, train-acc 0.869, loss 0.344, para-norm 3095.541, grad-norm 2.532, time_cost 14.732s,
epoch 28, batches 2700|4292, train-acc 0.871, loss 0.341, para-norm 3097.793, grad-norm 2.784, time_cost 15.427s,
epoch 28, batches 3000|4292, train-acc 0.865, loss 0.354, para-norm 3099.836, grad-norm 2.343, time_cost 16.342s,
epoch 28, batches 3300|4292, train-acc 0.863, loss 0.358, para-norm 3101.173, grad-norm 2.913, time_cost 17.051s,
epoch 28, batches 3600|4292, train-acc 0.862, loss 0.362, para-norm 3103.613, grad-norm 2.410, time_cost 18.399s,
epoch 28, batches 3900|4292, train-acc 0.861, loss 0.364, para-norm 3105.666, grad-norm 2.942, time_cost 20.256s,
epoch 28, batches 4200|4292, train-acc 0.858, loss 0.373, para-norm 3107.194, grad-norm 3.170, time_cost 23.024s,
epoch 28, train_loss 0.344, train_acc 0.869
epoch 28, dev_loss 0.383, dec_acc 0.857
model saved
epoch 29, batches 300|4292, train-acc 0.881, loss 0.323, para-norm 3109.070, grad-norm 2.315, time_cost 10.190s,
epoch 29, batches 600|4292, train-acc 0.879, loss 0.327, para-norm 3110.746, grad-norm 1.897, time_cost 11.347s,
epoch 29, batches 900|4292, train-acc 0.881, loss 0.319, para-norm 3112.212, grad-norm 1.732, time_cost 11.921s,
epoch 29, batches 1200|4292, train-acc 0.879, loss 0.324, para-norm 3113.692, grad-norm 3.112, time_cost 12.341s,
epoch 29, batches 1500|4292, train-acc 0.871, loss 0.334, para-norm 3115.641, grad-norm 3.980, time_cost 12.895s,
epoch 29, batches 1800|4292, train-acc 0.875, loss 0.330, para-norm 3117.755, grad-norm 2.319, time_cost 13.356s,
epoch 29, batches 2100|4292, train-acc 0.871, loss 0.339, para-norm 3119.032, grad-norm 2.016, time_cost 13.966s,
epoch 29, batches 2400|4292, train-acc 0.869, loss 0.343, para-norm 3121.263, grad-norm 3.532, time_cost 14.682s,
epoch 29, batches 2700|4292, train-acc 0.870, loss 0.341, para-norm 3124.003, grad-norm 3.505, time_cost 15.373s,
epoch 29, batches 3000|4292, train-acc 0.866, loss 0.353, para-norm 3125.503, grad-norm 3.097, time_cost 16.341s,
epoch 29, batches 3300|4292, train-acc 0.867, loss 0.355, para-norm 3127.180, grad-norm 2.400, time_cost 16.996s,
epoch 29, batches 3600|4292, train-acc 0.864, loss 0.360, para-norm 3129.514, grad-norm 3.079, time_cost 18.401s,
epoch 29, batches 3900|4292, train-acc 0.863, loss 0.360, para-norm 3131.121, grad-norm 2.412, time_cost 20.173s,
epoch 29, batches 4200|4292, train-acc 0.859, loss 0.370, para-norm 3132.731, grad-norm 3.781, time_cost 23.021s,
epoch 29, train_loss 0.342, train_acc 0.871
epoch 29, dev_loss 0.386, dec_acc 0.857
model saved
epoch 30, batches 300|4292, train-acc 0.881, loss 0.318, para-norm 3134.111, grad-norm 2.614, time_cost 10.161s,
epoch 30, batches 600|4292, train-acc 0.879, loss 0.323, para-norm 3135.615, grad-norm 1.780, time_cost 11.268s,
epoch 30, batches 900|4292, train-acc 0.880, loss 0.318, para-norm 3138.090, grad-norm 1.427, time_cost 11.918s,
epoch 30, batches 1200|4292, train-acc 0.878, loss 0.322, para-norm 3139.551, grad-norm 2.556, time_cost 12.344s,
epoch 30, batches 1500|4292, train-acc 0.872, loss 0.330, para-norm 3141.212, grad-norm 4.118, time_cost 12.896s,
epoch 30, batches 1800|4292, train-acc 0.876, loss 0.328, para-norm 3143.147, grad-norm 2.182, time_cost 13.338s,
epoch 30, batches 2100|4292, train-acc 0.871, loss 0.337, para-norm 3144.796, grad-norm 1.770, time_cost 13.942s,
epoch 30, batches 2400|4292, train-acc 0.872, loss 0.341, para-norm 3147.179, grad-norm 2.805, time_cost 14.680s,
epoch 30, batches 2700|4292, train-acc 0.872, loss 0.337, para-norm 3149.440, grad-norm 3.073, time_cost 15.337s,
epoch 30, batches 3000|4292, train-acc 0.868, loss 0.350, para-norm 3150.816, grad-norm 3.334, time_cost 16.284s,
epoch 30, batches 3300|4292, train-acc 0.866, loss 0.354, para-norm 3152.931, grad-norm 4.019, time_cost 16.999s,
epoch 30, batches 3600|4292, train-acc 0.864, loss 0.356, para-norm 3155.288, grad-norm 2.950, time_cost 18.398s,
epoch 30, batches 3900|4292, train-acc 0.864, loss 0.359, para-norm 3156.740, grad-norm 2.751, time_cost 20.233s,
epoch 30, batches 4200|4292, train-acc 0.857, loss 0.368, para-norm 3158.241, grad-norm 2.478, time_cost 23.061s,
epoch 30, train_loss 0.340, train_acc 0.871
epoch 30, dev_loss 0.383, dec_acc 0.858
model saved
epoch 31, batches 300|4292, train-acc 0.882, loss 0.314, para-norm 3160.167, grad-norm 2.668, time_cost 10.187s,
epoch 31, batches 600|4292, train-acc 0.882, loss 0.320, para-norm 3160.862, grad-norm 1.578, time_cost 11.319s,
epoch 31, batches 900|4292, train-acc 0.881, loss 0.313, para-norm 3162.529, grad-norm 2.032, time_cost 11.920s,
epoch 31, batches 1200|4292, train-acc 0.880, loss 0.321, para-norm 3164.221, grad-norm 3.851, time_cost 12.339s,
epoch 31, batches 1500|4292, train-acc 0.877, loss 0.325, para-norm 3166.567, grad-norm 2.857, time_cost 12.904s,
epoch 31, batches 1800|4292, train-acc 0.875, loss 0.328, para-norm 3168.256, grad-norm 2.647, time_cost 13.375s,
epoch 31, batches 2100|4292, train-acc 0.874, loss 0.336, para-norm 3169.662, grad-norm 2.678, time_cost 13.992s,
epoch 31, batches 2400|4292, train-acc 0.872, loss 0.336, para-norm 3171.716, grad-norm 3.156, time_cost 14.698s,
epoch 31, batches 2700|4292, train-acc 0.871, loss 0.334, para-norm 3173.915, grad-norm 3.003, time_cost 15.425s,
epoch 31, batches 3000|4292, train-acc 0.867, loss 0.348, para-norm 3175.637, grad-norm 2.493, time_cost 16.352s,
epoch 31, batches 3300|4292, train-acc 0.866, loss 0.352, para-norm 3177.405, grad-norm 3.322, time_cost 17.038s,
epoch 31, batches 3600|4292, train-acc 0.865, loss 0.354, para-norm 3179.325, grad-norm 3.086, time_cost 18.415s,
epoch 31, batches 3900|4292, train-acc 0.867, loss 0.354, para-norm 3181.418, grad-norm 3.193, time_cost 20.227s,
epoch 31, batches 4200|4292, train-acc 0.859, loss 0.367, para-norm 3182.986, grad-norm 2.596, time_cost 23.074s,
epoch 31, train_loss 0.337, train_acc 0.872
epoch 31, dev_loss 0.386, dec_acc 0.859
model saved
epoch 32, batches 300|4292, train-acc 0.884, loss 0.313, para-norm 3184.888, grad-norm 2.918, time_cost 10.203s,
epoch 32, batches 600|4292, train-acc 0.881, loss 0.319, para-norm 3185.861, grad-norm 1.999, time_cost 11.330s,
epoch 32, batches 900|4292, train-acc 0.881, loss 0.311, para-norm 3188.710, grad-norm 1.859, time_cost 11.912s,
epoch 32, batches 1200|4292, train-acc 0.880, loss 0.318, para-norm 3190.419, grad-norm 3.041, time_cost 12.334s,
epoch 32, batches 1500|4292, train-acc 0.875, loss 0.327, para-norm 3191.823, grad-norm 3.108, time_cost 12.903s,
epoch 32, batches 1800|4292, train-acc 0.876, loss 0.325, para-norm 3193.712, grad-norm 2.780, time_cost 13.331s,
epoch 32, batches 2100|4292, train-acc 0.873, loss 0.331, para-norm 3195.080, grad-norm 2.150, time_cost 13.965s,
epoch 32, batches 2400|4292, train-acc 0.875, loss 0.332, para-norm 3197.384, grad-norm 3.295, time_cost 14.753s,
epoch 32, batches 2700|4292, train-acc 0.877, loss 0.330, para-norm 3199.854, grad-norm 2.792, time_cost 15.462s,
epoch 32, batches 3000|4292, train-acc 0.869, loss 0.344, para-norm 3201.808, grad-norm 2.380, time_cost 16.309s,
epoch 32, batches 3300|4292, train-acc 0.869, loss 0.350, para-norm 3203.266, grad-norm 2.803, time_cost 16.998s,
epoch 32, batches 3600|4292, train-acc 0.866, loss 0.353, para-norm 3205.112, grad-norm 2.739, time_cost 18.402s,
epoch 32, batches 3900|4292, train-acc 0.864, loss 0.356, para-norm 3206.643, grad-norm 2.912, time_cost 20.205s,
epoch 32, batches 4200|4292, train-acc 0.863, loss 0.361, para-norm 3208.331, grad-norm 2.997, time_cost 23.054s,
epoch 32, train_loss 0.334, train_acc 0.874
epoch 32, dev_loss 0.383, dec_acc 0.858
model saved
epoch 33, batches 300|4292, train-acc 0.883, loss 0.311, para-norm 3210.340, grad-norm 4.961, time_cost 10.188s,
epoch 33, batches 600|4292, train-acc 0.882, loss 0.315, para-norm 3211.323, grad-norm 1.787, time_cost 11.371s,
epoch 33, batches 900|4292, train-acc 0.882, loss 0.313, para-norm 3212.086, grad-norm 1.933, time_cost 11.929s,
epoch 33, batches 1200|4292, train-acc 0.881, loss 0.316, para-norm 3213.688, grad-norm 3.143, time_cost 12.357s,
epoch 33, batches 1500|4292, train-acc 0.876, loss 0.324, para-norm 3215.387, grad-norm 3.635, time_cost 12.904s,
epoch 33, batches 1800|4292, train-acc 0.879, loss 0.321, para-norm 3217.675, grad-norm 3.265, time_cost 13.384s,
epoch 33, batches 2100|4292, train-acc 0.876, loss 0.330, para-norm 3219.222, grad-norm 2.591, time_cost 13.990s,
epoch 33, batches 2400|4292, train-acc 0.874, loss 0.331, para-norm 3221.568, grad-norm 2.403, time_cost 14.766s,
epoch 33, batches 2700|4292, train-acc 0.876, loss 0.330, para-norm 3223.434, grad-norm 4.274, time_cost 15.511s,
epoch 33, batches 3000|4292, train-acc 0.869, loss 0.344, para-norm 3225.572, grad-norm 2.693, time_cost 16.313s,
epoch 33, batches 3300|4292, train-acc 0.867, loss 0.347, para-norm 3227.242, grad-norm 3.675, time_cost 17.015s,
epoch 33, batches 3600|4292, train-acc 0.864, loss 0.350, para-norm 3229.730, grad-norm 3.452, time_cost 18.452s,
epoch 33, batches 3900|4292, train-acc 0.865, loss 0.352, para-norm 3231.395, grad-norm 3.046, time_cost 20.260s,
epoch 33, batches 4200|4292, train-acc 0.863, loss 0.359, para-norm 3233.088, grad-norm 3.682, time_cost 23.063s,
epoch 33, train_loss 0.332, train_acc 0.874
epoch 33, dev_loss 0.382, dec_acc 0.860
model saved
epoch 34, batches 300|4292, train-acc 0.886, loss 0.309, para-norm 3234.803, grad-norm 2.780, time_cost 10.252s,
epoch 34, batches 600|4292, train-acc 0.882, loss 0.314, para-norm 3236.428, grad-norm 2.029, time_cost 11.388s,
epoch 34, batches 900|4292, train-acc 0.882, loss 0.309, para-norm 3238.857, grad-norm 2.108, time_cost 35.818s,
epoch 34, batches 1200|4292, train-acc 0.881, loss 0.315, para-norm 3240.190, grad-norm 3.242, time_cost 12.302s,
epoch 34, batches 1500|4292, train-acc 0.878, loss 0.319, para-norm 3242.434, grad-norm 3.747, time_cost 12.870s,
epoch 34, batches 1800|4292, train-acc 0.878, loss 0.318, para-norm 3244.197, grad-norm 2.645, time_cost 13.207s,
epoch 34, batches 2100|4292, train-acc 0.876, loss 0.325, para-norm 3245.614, grad-norm 2.170, time_cost 13.852s,
epoch 34, batches 2400|4292, train-acc 0.873, loss 0.330, para-norm 3247.736, grad-norm 2.715, time_cost 14.662s,
epoch 34, batches 2700|4292, train-acc 0.877, loss 0.327, para-norm 3249.595, grad-norm 3.126, time_cost 15.325s,
epoch 34, batches 3000|4292, train-acc 0.871, loss 0.339, para-norm 3251.634, grad-norm 2.050, time_cost 16.140s,
epoch 34, batches 3300|4292, train-acc 0.870, loss 0.344, para-norm 3253.604, grad-norm 2.644, time_cost 16.973s,
epoch 34, batches 3600|4292, train-acc 0.869, loss 0.347, para-norm 3255.570, grad-norm 3.236, time_cost 18.325s,
epoch 34, batches 3900|4292, train-acc 0.867, loss 0.349, para-norm 3257.464, grad-norm 3.028, time_cost 20.089s,
epoch 34, batches 4200|4292, train-acc 0.864, loss 0.358, para-norm 3258.830, grad-norm 2.993, time_cost 22.934s,
epoch 34, train_loss 0.330, train_acc 0.875
epoch 34, dev_loss 0.385, dec_acc 0.858
model saved
epoch 35, batches 300|4292, train-acc 0.885, loss 0.307, para-norm 3260.289, grad-norm 2.411, time_cost 10.139s,
epoch 35, batches 600|4292, train-acc 0.883, loss 0.312, para-norm 3261.270, grad-norm 1.671, time_cost 11.182s,
epoch 35, batches 900|4292, train-acc 0.885, loss 0.304, para-norm 3262.543, grad-norm 1.770, time_cost 11.906s,
epoch 35, batches 1200|4292, train-acc 0.881, loss 0.311, para-norm 3263.937, grad-norm 2.801, time_cost 12.338s,
epoch 35, batches 1500|4292, train-acc 0.881, loss 0.316, para-norm 3265.394, grad-norm 3.554, time_cost 12.888s,
epoch 35, batches 1800|4292, train-acc 0.880, loss 0.316, para-norm 3267.568, grad-norm 1.964, time_cost 13.262s,
epoch 35, batches 2100|4292, train-acc 0.878, loss 0.322, para-norm 3269.281, grad-norm 2.530, time_cost 13.873s,
epoch 35, batches 2400|4292, train-acc 0.877, loss 0.327, para-norm 3271.687, grad-norm 3.315, time_cost 14.687s,
epoch 35, batches 2700|4292, train-acc 0.877, loss 0.326, para-norm 3273.140, grad-norm 3.097, time_cost 15.369s,
epoch 35, batches 3000|4292, train-acc 0.871, loss 0.338, para-norm 3274.436, grad-norm 3.099, time_cost 16.216s,
epoch 35, batches 3300|4292, train-acc 0.870, loss 0.340, para-norm 3275.822, grad-norm 2.690, time_cost 16.931s,
epoch 35, batches 3600|4292, train-acc 0.869, loss 0.344, para-norm 3278.071, grad-norm 3.184, time_cost 18.348s,
epoch 35, batches 3900|4292, train-acc 0.868, loss 0.348, para-norm 3280.036, grad-norm 3.460, time_cost 20.103s,
epoch 35, batches 4200|4292, train-acc 0.864, loss 0.355, para-norm 3281.751, grad-norm 3.307, time_cost 22.933s,
epoch 35, train_loss 0.327, train_acc 0.876
epoch 35, dev_loss 0.384, dec_acc 0.859
model saved
epoch 36, batches 300|4292, train-acc 0.888, loss 0.303, para-norm 3283.413, grad-norm 2.433, time_cost 10.109s,
epoch 36, batches 600|4292, train-acc 0.886, loss 0.306, para-norm 3284.566, grad-norm 2.297, time_cost 11.190s,
epoch 36, batches 900|4292, train-acc 0.884, loss 0.307, para-norm 3286.168, grad-norm 2.272, time_cost 11.899s,
epoch 36, batches 1200|4292, train-acc 0.883, loss 0.310, para-norm 3287.597, grad-norm 3.317, time_cost 12.324s,
epoch 36, batches 1500|4292, train-acc 0.880, loss 0.314, para-norm 3289.024, grad-norm 3.973, time_cost 12.875s,
epoch 36, batches 1800|4292, train-acc 0.882, loss 0.313, para-norm 3290.902, grad-norm 2.444, time_cost 13.307s,
epoch 36, batches 2100|4292, train-acc 0.879, loss 0.320, para-norm 3292.335, grad-norm 3.226, time_cost 38.163s,
epoch 36, batches 2400|4292, train-acc 0.877, loss 0.324, para-norm 3294.554, grad-norm 3.563, time_cost 14.626s,
epoch 36, batches 2700|4292, train-acc 0.876, loss 0.324, para-norm 3296.088, grad-norm 3.223, time_cost 15.281s,
epoch 36, batches 3000|4292, train-acc 0.872, loss 0.337, para-norm 3297.213, grad-norm 4.252, time_cost 16.088s,
epoch 36, batches 3300|4292, train-acc 0.870, loss 0.339, para-norm 3299.259, grad-norm 3.578, time_cost 16.873s,
epoch 36, batches 3600|4292, train-acc 0.870, loss 0.341, para-norm 3301.436, grad-norm 2.861, time_cost 18.324s,
epoch 36, batches 3900|4292, train-acc 0.868, loss 0.345, para-norm 3302.949, grad-norm 3.330, time_cost 20.089s,
epoch 36, batches 4200|4292, train-acc 0.865, loss 0.353, para-norm 3304.820, grad-norm 4.210, time_cost 22.884s,
epoch 36, train_loss 0.325, train_acc 0.877
epoch 36, dev_loss 0.382, dec_acc 0.862
model saved
epoch 37, batches 300|4292, train-acc 0.890, loss 0.299, para-norm 3306.409, grad-norm 2.666, time_cost 10.154s,
epoch 37, batches 600|4292, train-acc 0.885, loss 0.308, para-norm 3307.500, grad-norm 1.838, time_cost 11.258s,
epoch 37, batches 900|4292, train-acc 0.885, loss 0.303, para-norm 3308.878, grad-norm 2.788, time_cost 11.889s,
epoch 37, batches 1200|4292, train-acc 0.883, loss 0.306, para-norm 3310.843, grad-norm 3.330, time_cost 12.314s,
epoch 37, batches 1500|4292, train-acc 0.879, loss 0.313, para-norm 3312.299, grad-norm 3.900, time_cost 12.877s,
epoch 37, batches 1800|4292, train-acc 0.882, loss 0.311, para-norm 3314.489, grad-norm 2.993, time_cost 13.267s,
epoch 37, batches 2100|4292, train-acc 0.879, loss 0.320, para-norm 3316.013, grad-norm 2.363, time_cost 13.901s,
epoch 37, batches 2400|4292, train-acc 0.878, loss 0.322, para-norm 3317.818, grad-norm 3.359, time_cost 14.677s,
epoch 37, batches 2700|4292, train-acc 0.878, loss 0.321, para-norm 3320.010, grad-norm 3.337, time_cost 15.328s,
epoch 37, batches 3000|4292, train-acc 0.875, loss 0.332, para-norm 3321.413, grad-norm 2.953, time_cost 16.153s,
epoch 37, batches 3300|4292, train-acc 0.872, loss 0.337, para-norm 3322.874, grad-norm 3.910, time_cost 16.891s,
epoch 37, batches 3600|4292, train-acc 0.872, loss 0.338, para-norm 3324.858, grad-norm 2.634, time_cost 18.398s,
epoch 37, batches 3900|4292, train-acc 0.869, loss 0.344, para-norm 3326.341, grad-norm 3.061, time_cost 20.133s,
epoch 37, batches 4200|4292, train-acc 0.867, loss 0.350, para-norm 3328.070, grad-norm 3.721, time_cost 22.940s,
epoch 37, train_loss 0.323, train_acc 0.878
epoch 37, dev_loss 0.387, dec_acc 0.860
model saved
epoch 38, batches 300|4292, train-acc 0.888, loss 0.298, para-norm 3329.197, grad-norm 4.331, time_cost 10.123s,
epoch 38, batches 600|4292, train-acc 0.887, loss 0.304, para-norm 3329.969, grad-norm 2.848, time_cost 11.222s,
epoch 38, batches 900|4292, train-acc 0.886, loss 0.298, para-norm 3331.427, grad-norm 2.373, time_cost 11.910s,
epoch 38, batches 1200|4292, train-acc 0.885, loss 0.305, para-norm 3332.595, grad-norm 2.917, time_cost 12.323s,
epoch 38, batches 1500|4292, train-acc 0.881, loss 0.313, para-norm 3334.957, grad-norm 3.744, time_cost 12.878s,
epoch 38, batches 1800|4292, train-acc 0.883, loss 0.310, para-norm 3337.072, grad-norm 3.955, time_cost 13.249s,
epoch 38, batches 2100|4292, train-acc 0.881, loss 0.317, para-norm 3337.886, grad-norm 3.364, time_cost 13.896s,
epoch 38, batches 2400|4292, train-acc 0.880, loss 0.319, para-norm 3339.984, grad-norm 3.316, time_cost 14.707s,
epoch 38, batches 2700|4292, train-acc 0.880, loss 0.316, para-norm 3341.872, grad-norm 2.957, time_cost 15.393s,
epoch 38, batches 3000|4292, train-acc 0.874, loss 0.332, para-norm 3343.391, grad-norm 2.816, time_cost 40.342s,
epoch 38, batches 3300|4292, train-acc 0.873, loss 0.337, para-norm 3345.055, grad-norm 4.062, time_cost 17.663s,
epoch 38, batches 3600|4292, train-acc 0.871, loss 0.337, para-norm 3346.943, grad-norm 3.867, time_cost 18.205s,
epoch 38, batches 3900|4292, train-acc 0.872, loss 0.339, para-norm 3348.656, grad-norm 3.506, time_cost 20.020s,
epoch 38, batches 4200|4292, train-acc 0.866, loss 0.350, para-norm 3350.485, grad-norm 4.570, time_cost 22.908s,
epoch 38, train_loss 0.320, train_acc 0.879
epoch 38, dev_loss 0.385, dec_acc 0.858
model saved
epoch 39, batches 300|4292, train-acc 0.889, loss 0.298, para-norm 3351.584, grad-norm 2.421, time_cost 10.086s,
epoch 39, batches 600|4292, train-acc 0.886, loss 0.303, para-norm 3352.445, grad-norm 1.532, time_cost 11.177s,
epoch 39, batches 900|4292, train-acc 0.888, loss 0.295, para-norm 3354.009, grad-norm 2.893, time_cost 11.896s,
epoch 39, batches 1200|4292, train-acc 0.887, loss 0.301, para-norm 3355.135, grad-norm 3.982, time_cost 12.330s,
epoch 39, batches 1500|4292, train-acc 0.880, loss 0.311, para-norm 3356.546, grad-norm 4.515, time_cost 12.897s,
epoch 39, batches 1800|4292, train-acc 0.885, loss 0.306, para-norm 3359.057, grad-norm 2.733, time_cost 13.228s,
epoch 39, batches 2100|4292, train-acc 0.880, loss 0.316, para-norm 3360.300, grad-norm 2.093, time_cost 13.869s,
epoch 39, batches 2400|4292, train-acc 0.880, loss 0.320, para-norm 3362.921, grad-norm 3.805, time_cost 14.668s,
epoch 39, batches 2700|4292, train-acc 0.882, loss 0.316, para-norm 3364.887, grad-norm 3.168, time_cost 15.328s,
epoch 39, batches 3000|4292, train-acc 0.875, loss 0.329, para-norm 3366.023, grad-norm 3.644, time_cost 16.189s,
epoch 39, batches 3300|4292, train-acc 0.873, loss 0.334, para-norm 3367.816, grad-norm 3.246, time_cost 16.928s,
epoch 39, batches 3600|4292, train-acc 0.874, loss 0.335, para-norm 3369.729, grad-norm 3.723, time_cost 18.361s,
epoch 39, batches 3900|4292, train-acc 0.871, loss 0.340, para-norm 3371.398, grad-norm 4.057, time_cost 20.156s,
epoch 39, batches 4200|4292, train-acc 0.867, loss 0.347, para-norm 3373.143, grad-norm 3.790, time_cost 22.935s,
epoch 39, train_loss 0.319, train_acc 0.880
epoch 39, dev_loss 0.387, dec_acc 0.858
model saved
epoch 40, batches 300|4292, train-acc 0.889, loss 0.296, para-norm 3375.378, grad-norm 3.976, time_cost 10.127s,
epoch 40, batches 600|4292, train-acc 0.888, loss 0.300, para-norm 3376.282, grad-norm 3.902, time_cost 11.219s,
epoch 40, batches 900|4292, train-acc 0.888, loss 0.295, para-norm 3377.663, grad-norm 2.593, time_cost 11.913s,
epoch 40, batches 1200|4292, train-acc 0.886, loss 0.301, para-norm 3378.943, grad-norm 3.948, time_cost 12.338s,
epoch 40, batches 1500|4292, train-acc 0.882, loss 0.308, para-norm 3380.283, grad-norm 4.266, time_cost 12.890s,
epoch 40, batches 1800|4292, train-acc 0.886, loss 0.305, para-norm 3382.100, grad-norm 2.367, time_cost 13.275s,
epoch 40, batches 2100|4292, train-acc 0.881, loss 0.316, para-norm 3383.098, grad-norm 3.022, time_cost 13.901s,
epoch 40, batches 2400|4292, train-acc 0.880, loss 0.316, para-norm 3385.140, grad-norm 4.380, time_cost 14.763s,
epoch 40, batches 2700|4292, train-acc 0.882, loss 0.315, para-norm 3387.234, grad-norm 4.779, time_cost 15.375s,
epoch 40, batches 3000|4292, train-acc 0.878, loss 0.324, para-norm 3388.660, grad-norm 2.628, time_cost 16.216s,
epoch 40, batches 3300|4292, train-acc 0.875, loss 0.328, para-norm 3390.273, grad-norm 4.100, time_cost 16.940s,
epoch 40, batches 3600|4292, train-acc 0.873, loss 0.333, para-norm 3392.312, grad-norm 3.605, time_cost 18.380s,
epoch 40, batches 3900|4292, train-acc 0.871, loss 0.337, para-norm 3393.469, grad-norm 3.444, time_cost 20.183s,
epoch 40, batches 4200|4292, train-acc 0.872, loss 0.341, para-norm 3395.192, grad-norm 3.657, time_cost 23.013s,
epoch 40, train_loss 0.316, train_acc 0.880
epoch 40, dev_loss 0.386, dec_acc 0.861
model saved
epoch 41, batches 300|4292, train-acc 0.890, loss 0.294, para-norm 3396.582, grad-norm 3.115, time_cost 10.124s,
epoch 41, batches 600|4292, train-acc 0.889, loss 0.299, para-norm 3397.371, grad-norm 2.511, time_cost 11.181s,
epoch 41, batches 900|4292, train-acc 0.891, loss 0.288, para-norm 3398.749, grad-norm 2.066, time_cost 11.918s,
epoch 41, batches 1200|4292, train-acc 0.888, loss 0.300, para-norm 3400.129, grad-norm 3.747, time_cost 12.347s,
epoch 41, batches 1500|4292, train-acc 0.882, loss 0.306, para-norm 3402.018, grad-norm 3.757, time_cost 12.912s,
epoch 41, batches 1800|4292, train-acc 0.884, loss 0.306, para-norm 3403.646, grad-norm 3.769, time_cost 13.318s,
epoch 41, batches 2100|4292, train-acc 0.882, loss 0.314, para-norm 3404.662, grad-norm 2.227, time_cost 13.913s,
epoch 41, batches 2400|4292, train-acc 0.881, loss 0.314, para-norm 3407.037, grad-norm 3.588, time_cost 14.713s,
epoch 41, batches 2700|4292, train-acc 0.882, loss 0.314, para-norm 3408.872, grad-norm 3.779, time_cost 15.404s,
epoch 41, batches 3000|4292, train-acc 0.874, loss 0.327, para-norm 3410.485, grad-norm 3.241, time_cost 16.234s,
epoch 41, batches 3300|4292, train-acc 0.876, loss 0.326, para-norm 3412.320, grad-norm 4.328, time_cost 16.943s,
epoch 41, batches 3600|4292, train-acc 0.874, loss 0.332, para-norm 3414.188, grad-norm 2.999, time_cost 18.367s,
epoch 41, batches 3900|4292, train-acc 0.873, loss 0.334, para-norm 3415.727, grad-norm 2.931, time_cost 20.165s,
epoch 41, batches 4200|4292, train-acc 0.870, loss 0.341, para-norm 3418.200, grad-norm 3.334, time_cost 23.048s,
epoch 41, train_loss 0.315, train_acc 0.881
epoch 41, dev_loss 0.387, dec_acc 0.860
model saved
epoch 42, batches 300|4292, train-acc 0.892, loss 0.291, para-norm 3419.137, grad-norm 2.871, time_cost 10.133s,
epoch 42, batches 600|4292, train-acc 0.889, loss 0.297, para-norm 3419.986, grad-norm 2.518, time_cost 11.221s,
epoch 42, batches 900|4292, train-acc 0.890, loss 0.289, para-norm 3421.507, grad-norm 2.704, time_cost 11.905s,
epoch 42, batches 1200|4292, train-acc 0.887, loss 0.299, para-norm 3422.418, grad-norm 3.493, time_cost 12.346s,
epoch 42, batches 1500|4292, train-acc 0.884, loss 0.303, para-norm 3424.004, grad-norm 3.191, time_cost 12.894s,
epoch 42, batches 1800|4292, train-acc 0.886, loss 0.300, para-norm 3426.114, grad-norm 4.079, time_cost 13.307s,
epoch 42, batches 2100|4292, train-acc 0.884, loss 0.310, para-norm 3427.744, grad-norm 3.525, time_cost 13.934s,
epoch 42, batches 2400|4292, train-acc 0.883, loss 0.311, para-norm 3429.275, grad-norm 2.965, time_cost 14.738s,
epoch 42, batches 2700|4292, train-acc 0.884, loss 0.309, para-norm 3431.923, grad-norm 5.059, time_cost 15.468s,
epoch 42, batches 3000|4292, train-acc 0.877, loss 0.322, para-norm 3433.172, grad-norm 2.994, time_cost 16.262s,
epoch 42, batches 3300|4292, train-acc 0.876, loss 0.328, para-norm 3434.938, grad-norm 3.661, time_cost 16.976s,
epoch 42, batches 3600|4292, train-acc 0.876, loss 0.326, para-norm 3437.186, grad-norm 3.573, time_cost 18.430s,
epoch 42, batches 3900|4292, train-acc 0.874, loss 0.332, para-norm 3439.200, grad-norm 3.016, time_cost 20.192s,
epoch 42, batches 4200|4292, train-acc 0.870, loss 0.339, para-norm 3440.555, grad-norm 6.050, time_cost 23.042s,
epoch 42, train_loss 0.312, train_acc 0.882
epoch 42, dev_loss 0.388, dec_acc 0.859
model saved
epoch 43, batches 300|4292, train-acc 0.893, loss 0.289, para-norm 3441.490, grad-norm 3.238, time_cost 10.247s,
epoch 43, batches 600|4292, train-acc 0.889, loss 0.294, para-norm 3442.501, grad-norm 2.503, time_cost 11.278s,
epoch 43, batches 900|4292, train-acc 0.893, loss 0.287, para-norm 3443.797, grad-norm 2.915, time_cost 11.915s,
epoch 43, batches 1200|4292, train-acc 0.890, loss 0.295, para-norm 3444.812, grad-norm 3.081, time_cost 12.343s,
epoch 43, batches 1500|4292, train-acc 0.884, loss 0.303, para-norm 3446.321, grad-norm 3.668, time_cost 12.885s,
epoch 43, batches 1800|4292, train-acc 0.887, loss 0.299, para-norm 3448.084, grad-norm 3.000, time_cost 13.288s,
epoch 43, batches 2100|4292, train-acc 0.884, loss 0.308, para-norm 3449.550, grad-norm 2.920, time_cost 13.947s,
epoch 43, batches 2400|4292, train-acc 0.883, loss 0.311, para-norm 3451.228, grad-norm 4.643, time_cost 14.773s,
epoch 43, batches 2700|4292, train-acc 0.884, loss 0.308, para-norm 3453.091, grad-norm 3.827, time_cost 15.468s,
epoch 43, batches 3000|4292, train-acc 0.880, loss 0.320, para-norm 3454.590, grad-norm 3.004, time_cost 16.231s,
epoch 43, batches 3300|4292, train-acc 0.878, loss 0.323, para-norm 3456.290, grad-norm 3.650, time_cost 16.932s,
epoch 43, batches 3600|4292, train-acc 0.875, loss 0.328, para-norm 3458.093, grad-norm 4.925, time_cost 18.416s,
epoch 43, batches 3900|4292, train-acc 0.874, loss 0.330, para-norm 3459.700, grad-norm 3.819, time_cost 20.179s,
epoch 43, batches 4200|4292, train-acc 0.871, loss 0.337, para-norm 3461.767, grad-norm 2.956, time_cost 23.006s,
epoch 43, train_loss 0.310, train_acc 0.883
epoch 43, dev_loss 0.390, dec_acc 0.862
model saved
epoch 44, batches 300|4292, train-acc 0.894, loss 0.286, para-norm 3462.492, grad-norm 2.997, time_cost 10.135s,
epoch 44, batches 600|4292, train-acc 0.891, loss 0.293, para-norm 3463.362, grad-norm 2.785, time_cost 11.213s,
epoch 44, batches 900|4292, train-acc 0.892, loss 0.284, para-norm 3464.475, grad-norm 2.190, time_cost 11.925s,
epoch 44, batches 1200|4292, train-acc 0.890, loss 0.294, para-norm 3465.245, grad-norm 3.696, time_cost 12.343s,
epoch 44, batches 1500|4292, train-acc 0.886, loss 0.296, para-norm 3466.935, grad-norm 3.794, time_cost 12.900s,
epoch 44, batches 1800|4292, train-acc 0.887, loss 0.299, para-norm 3468.689, grad-norm 3.030, time_cost 13.304s,
epoch 44, batches 2100|4292, train-acc 0.886, loss 0.304, para-norm 3470.446, grad-norm 3.437, time_cost 13.922s,
epoch 44, batches 2400|4292, train-acc 0.883, loss 0.309, para-norm 3472.090, grad-norm 3.974, time_cost 14.747s,
epoch 44, batches 2700|4292, train-acc 0.884, loss 0.307, para-norm 3473.816, grad-norm 3.298, time_cost 15.530s,
epoch 44, batches 3000|4292, train-acc 0.878, loss 0.322, para-norm 3474.933, grad-norm 5.325, time_cost 16.312s,
epoch 44, batches 3300|4292, train-acc 0.878, loss 0.323, para-norm 3476.418, grad-norm 5.520, time_cost 17.023s,
epoch 44, batches 3600|4292, train-acc 0.877, loss 0.324, para-norm 3477.925, grad-norm 3.437, time_cost 18.466s,
epoch 44, batches 3900|4292, train-acc 0.877, loss 0.327, para-norm 3479.691, grad-norm 3.058, time_cost 20.244s,
epoch 44, batches 4200|4292, train-acc 0.872, loss 0.336, para-norm 3481.057, grad-norm 3.442, time_cost 23.061s,
epoch 44, train_loss 0.308, train_acc 0.884
epoch 44, dev_loss 0.389, dec_acc 0.862
model saved
epoch 45, batches 300|4292, train-acc 0.893, loss 0.287, para-norm 3481.778, grad-norm 2.750, time_cost 10.172s,
epoch 45, batches 600|4292, train-acc 0.891, loss 0.293, para-norm 3482.875, grad-norm 2.406, time_cost 11.318s,
epoch 45, batches 900|4292, train-acc 0.892, loss 0.285, para-norm 3484.097, grad-norm 2.771, time_cost 11.934s,
epoch 45, batches 1200|4292, train-acc 0.890, loss 0.290, para-norm 3485.277, grad-norm 3.499, time_cost 12.351s,
epoch 45, batches 1500|4292, train-acc 0.887, loss 0.296, para-norm 3486.697, grad-norm 5.667, time_cost 12.909s,
epoch 45, batches 1800|4292, train-acc 0.888, loss 0.296, para-norm 3487.833, grad-norm 2.522, time_cost 13.348s,
epoch 45, batches 2100|4292, train-acc 0.886, loss 0.302, para-norm 3489.406, grad-norm 3.197, time_cost 13.963s,
epoch 45, batches 2400|4292, train-acc 0.885, loss 0.306, para-norm 3491.168, grad-norm 3.554, time_cost 14.761s,
epoch 45, batches 2700|4292, train-acc 0.886, loss 0.304, para-norm 3492.948, grad-norm 4.628, time_cost 15.475s,
epoch 45, batches 3000|4292, train-acc 0.880, loss 0.319, para-norm 3494.184, grad-norm 2.966, time_cost 16.250s,
epoch 45, batches 3300|4292, train-acc 0.877, loss 0.322, para-norm 3495.646, grad-norm 4.361, time_cost 16.969s,
epoch 45, batches 3600|4292, train-acc 0.877, loss 0.323, para-norm 3497.662, grad-norm 3.934, time_cost 18.433s,
epoch 45, batches 3900|4292, train-acc 0.877, loss 0.325, para-norm 3499.239, grad-norm 3.766, time_cost 20.267s,
epoch 45, batches 4200|4292, train-acc 0.873, loss 0.335, para-norm 3500.353, grad-norm 4.643, time_cost 23.063s,
epoch 45, train_loss 0.307, train_acc 0.884
epoch 45, dev_loss 0.390, dec_acc 0.861
model saved
epoch 46, batches 300|4292, train-acc 0.896, loss 0.281, para-norm 3501.402, grad-norm 2.071, time_cost 10.142s,
epoch 46, batches 600|4292, train-acc 0.892, loss 0.287, para-norm 3502.335, grad-norm 2.674, time_cost 11.225s,
epoch 46, batches 900|4292, train-acc 0.894, loss 0.282, para-norm 3503.391, grad-norm 3.012, time_cost 12.010s,
epoch 46, batches 1200|4292, train-acc 0.889, loss 0.291, para-norm 3504.442, grad-norm 6.119, time_cost 12.425s,
epoch 46, batches 1500|4292, train-acc 0.887, loss 0.294, para-norm 3505.596, grad-norm 5.650, time_cost 12.894s,
epoch 46, batches 1800|4292, train-acc 0.890, loss 0.292, para-norm 3507.151, grad-norm 3.389, time_cost 13.330s,
epoch 46, batches 2100|4292, train-acc 0.886, loss 0.303, para-norm 3508.241, grad-norm 2.513, time_cost 13.926s,
epoch 46, batches 2400|4292, train-acc 0.885, loss 0.304, para-norm 3510.122, grad-norm 6.763, time_cost 14.751s,
epoch 46, batches 2700|4292, train-acc 0.886, loss 0.302, para-norm 3512.166, grad-norm 3.163, time_cost 15.510s,
epoch 46, batches 3000|4292, train-acc 0.879, loss 0.318, para-norm 3513.970, grad-norm 4.167, time_cost 16.271s,
epoch 46, batches 3300|4292, train-acc 0.879, loss 0.321, para-norm 3515.390, grad-norm 3.542, time_cost 16.998s,
epoch 46, batches 3600|4292, train-acc 0.879, loss 0.321, para-norm 3517.216, grad-norm 3.677, time_cost 18.443s,
epoch 46, batches 3900|4292, train-acc 0.876, loss 0.326, para-norm 3518.611, grad-norm 4.962, time_cost 20.229s,
epoch 46, batches 4200|4292, train-acc 0.874, loss 0.330, para-norm 3520.319, grad-norm 3.013, time_cost 23.027s,
epoch 46, train_loss 0.305, train_acc 0.885
epoch 46, dev_loss 0.391, dec_acc 0.861
model saved
epoch 47, batches 300|4292, train-acc 0.895, loss 0.280, para-norm 3521.291, grad-norm 2.672, time_cost 10.160s,
epoch 47, batches 600|4292, train-acc 0.892, loss 0.288, para-norm 3522.183, grad-norm 2.711, time_cost 11.290s,
epoch 47, batches 900|4292, train-acc 0.896, loss 0.279, para-norm 3523.523, grad-norm 2.704, time_cost 11.922s,
epoch 47, batches 1200|4292, train-acc 0.891, loss 0.289, para-norm 3524.263, grad-norm 4.768, time_cost 12.342s,
epoch 47, batches 1500|4292, train-acc 0.888, loss 0.292, para-norm 3525.554, grad-norm 3.857, time_cost 12.926s,
epoch 47, batches 1800|4292, train-acc 0.890, loss 0.292, para-norm 3527.914, grad-norm 3.306, time_cost 13.325s,
epoch 47, batches 2100|4292, train-acc 0.886, loss 0.301, para-norm 3528.976, grad-norm 2.740, time_cost 14.070s,
epoch 47, batches 2400|4292, train-acc 0.885, loss 0.302, para-norm 3530.643, grad-norm 4.094, time_cost 14.743s,
epoch 47, batches 2700|4292, train-acc 0.886, loss 0.302, para-norm 3532.274, grad-norm 3.856, time_cost 15.464s,
epoch 47, batches 3000|4292, train-acc 0.881, loss 0.314, para-norm 3533.690, grad-norm 3.863, time_cost 16.236s,
epoch 47, batches 3300|4292, train-acc 0.879, loss 0.318, para-norm 3535.327, grad-norm 4.136, time_cost 16.966s,
epoch 47, batches 3600|4292, train-acc 0.880, loss 0.317, para-norm 3536.924, grad-norm 4.203, time_cost 18.426s,
epoch 47, batches 3900|4292, train-acc 0.877, loss 0.323, para-norm 3538.295, grad-norm 3.682, time_cost 20.266s,
epoch 47, batches 4200|4292, train-acc 0.876, loss 0.326, para-norm 3539.814, grad-norm 5.459, time_cost 23.039s,
epoch 47, train_loss 0.303, train_acc 0.886
epoch 47, dev_loss 0.390, dec_acc 0.860
model saved
epoch 48, batches 300|4292, train-acc 0.896, loss 0.278, para-norm 3540.710, grad-norm 3.825, time_cost 10.143s,
epoch 48, batches 600|4292, train-acc 0.895, loss 0.285, para-norm 3541.487, grad-norm 2.797, time_cost 11.212s,
epoch 48, batches 900|4292, train-acc 0.894, loss 0.280, para-norm 3542.533, grad-norm 3.465, time_cost 11.998s,
epoch 48, batches 1200|4292, train-acc 0.893, loss 0.284, para-norm 3543.733, grad-norm 3.983, time_cost 12.408s,
epoch 48, batches 1500|4292, train-acc 0.888, loss 0.294, para-norm 3544.641, grad-norm 4.003, time_cost 36.828s,
epoch 48, batches 1800|4292, train-acc 0.890, loss 0.287, para-norm 3546.494, grad-norm 3.361, time_cost 14.157s,
epoch 48, batches 2100|4292, train-acc 0.889, loss 0.297, para-norm 3548.144, grad-norm 3.192, time_cost 13.953s,
epoch 48, batches 2400|4292, train-acc 0.886, loss 0.300, para-norm 3549.994, grad-norm 4.113, time_cost 14.679s,
epoch 48, batches 2700|4292, train-acc 0.887, loss 0.300, para-norm 3551.711, grad-norm 4.308, time_cost 15.334s,
epoch 48, batches 3000|4292, train-acc 0.882, loss 0.314, para-norm 3552.901, grad-norm 4.235, time_cost 16.168s,
epoch 48, batches 3300|4292, train-acc 0.881, loss 0.314, para-norm 3554.221, grad-norm 5.375, time_cost 16.930s,
epoch 48, batches 3600|4292, train-acc 0.880, loss 0.317, para-norm 3556.121, grad-norm 4.776, time_cost 18.390s,
epoch 48, batches 3900|4292, train-acc 0.880, loss 0.320, para-norm 3557.447, grad-norm 4.021, time_cost 20.089s,
epoch 48, batches 4200|4292, train-acc 0.877, loss 0.325, para-norm 3559.166, grad-norm 3.861, time_cost 22.906s,
epoch 48, train_loss 0.301, train_acc 0.887
epoch 48, dev_loss 0.392, dec_acc 0.862
model saved
epoch 49, batches 300|4292, train-acc 0.896, loss 0.280, para-norm 3559.957, grad-norm 3.427, time_cost 10.102s,
epoch 49, batches 600|4292, train-acc 0.895, loss 0.283, para-norm 3560.718, grad-norm 2.707, time_cost 11.176s,
epoch 49, batches 900|4292, train-acc 0.896, loss 0.276, para-norm 3562.274, grad-norm 3.412, time_cost 11.917s,
epoch 49, batches 1200|4292, train-acc 0.893, loss 0.286, para-norm 3562.922, grad-norm 4.911, time_cost 12.336s,
epoch 49, batches 1500|4292, train-acc 0.890, loss 0.289, para-norm 3564.558, grad-norm 4.511, time_cost 12.894s,
epoch 49, batches 1800|4292, train-acc 0.892, loss 0.287, para-norm 3566.228, grad-norm 3.432, time_cost 13.278s,
epoch 49, batches 2100|4292, train-acc 0.886, loss 0.298, para-norm 3567.242, grad-norm 3.067, time_cost 13.898s,
epoch 49, batches 2400|4292, train-acc 0.886, loss 0.298, para-norm 3569.449, grad-norm 4.115, time_cost 39.111s,
epoch 49, batches 2700|4292, train-acc 0.888, loss 0.298, para-norm 3571.016, grad-norm 5.100, time_cost 15.933s,
epoch 49, batches 3000|4292, train-acc 0.883, loss 0.308, para-norm 3572.182, grad-norm 3.852, time_cost 16.124s,
epoch 49, batches 3300|4292, train-acc 0.882, loss 0.310, para-norm 3573.360, grad-norm 4.824, time_cost 16.882s,
epoch 49, batches 3600|4292, train-acc 0.879, loss 0.318, para-norm 3574.378, grad-norm 3.426, time_cost 18.339s,
epoch 49, batches 3900|4292, train-acc 0.880, loss 0.315, para-norm 3575.922, grad-norm 4.888, time_cost 20.099s,
epoch 49, batches 4200|4292, train-acc 0.877, loss 0.324, para-norm 3577.554, grad-norm 3.347, time_cost 22.942s,
epoch 49, train_loss 0.299, train_acc 0.887
epoch 49, dev_loss 0.391, dec_acc 0.863
model saved
epoch 50, batches 300|4292, train-acc 0.898, loss 0.273, para-norm 3578.424, grad-norm 3.938, time_cost 10.125s,
epoch 50, batches 600|4292, train-acc 0.897, loss 0.279, para-norm 3579.076, grad-norm 2.532, time_cost 11.222s,
epoch 50, batches 900|4292, train-acc 0.896, loss 0.276, para-norm 3580.174, grad-norm 2.930, time_cost 11.910s,
epoch 50, batches 1200|4292, train-acc 0.892, loss 0.286, para-norm 3581.013, grad-norm 4.709, time_cost 12.343s,
epoch 50, batches 1500|4292, train-acc 0.892, loss 0.284, para-norm 3582.300, grad-norm 4.778, time_cost 12.904s,
epoch 50, batches 1800|4292, train-acc 0.892, loss 0.286, para-norm 3583.980, grad-norm 2.871, time_cost 13.243s,
epoch 50, batches 2100|4292, train-acc 0.888, loss 0.294, para-norm 3585.006, grad-norm 3.937, time_cost 13.883s,
epoch 50, batches 2400|4292, train-acc 0.887, loss 0.298, para-norm 3586.247, grad-norm 4.401, time_cost 14.708s,
epoch 50, batches 2700|4292, train-acc 0.888, loss 0.295, para-norm 3588.131, grad-norm 4.788, time_cost 15.408s,
epoch 50, batches 3000|4292, train-acc 0.881, loss 0.313, para-norm 3589.078, grad-norm 3.371, time_cost 16.209s,
epoch 50, batches 3300|4292, train-acc 0.882, loss 0.311, para-norm 3590.680, grad-norm 5.594, time_cost 16.942s,
epoch 50, batches 3600|4292, train-acc 0.881, loss 0.313, para-norm 3592.429, grad-norm 4.886, time_cost 18.502s,
epoch 50, batches 3900|4292, train-acc 0.879, loss 0.316, para-norm 3593.979, grad-norm 4.258, time_cost 20.179s,
epoch 50, batches 4200|4292, train-acc 0.877, loss 0.325, para-norm 3595.170, grad-norm 4.310, time_cost 22.986s,
epoch 50, train_loss 0.297, train_acc 0.888
epoch 50, dev_loss 0.393, dec_acc 0.861
model saved
